0 verbose cli C:\Program Files\nodejs\node.exe C:\Users\HP\AppData\Roaming\npm\node_modules\npm\bin\npm-cli.js
1 info using npm@11.6.3
2 info using node@v24.11.0
3 silly config load:file:C:\Users\HP\AppData\Roaming\npm\node_modules\npm\npmrc
4 silly config load:file:C:\Users\HP\Downloads\Akanni Hannah Ibukun\.npmrc
5 silly config load:file:C:\Users\HP\.npmrc
6 silly config load:file:C:\Users\HP\AppData\Roaming\npm\etc\npmrc
7 verbose title npm cache clean
8 verbose argv "cache" "clean" "--force"
9 verbose logfile logs-max:10 dir:C:\Users\HP\Downloads\Akanni Hannah Ibukun\clean\_logs\2025-11-29T03_53_01_102Z-
10 verbose logfile C:\Users\HP\Downloads\Akanni Hannah Ibukun\clean\_logs\2025-11-29T03_53_01_102Z-debug-0.log
11 warn using --force Recommended protections disabled.
12 silly logfile start cleaning logs, removing 1 files
13 silly logfile done cleaning log files
14 verbose cwd C:\Users\HP\Downloads\Akanni Hannah Ibukun
15 verbose os Windows_NT 10.0.22000
16 verbose node v24.11.0
17 verbose npm  v11.6.3
18 verbose exit 0
19 info ok
