0 verbose cli C:\Program Files\nodejs\node.exe C:\Users\HP\AppData\Roaming\npm\node_modules\npm\bin\npm-cli.js
1 info using npm@11.6.3
2 info using node@v24.11.0
3 silly config load:file:C:\Users\HP\AppData\Roaming\npm\node_modules\npm\npmrc
4 silly config load:file:C:\Users\HP\.npmrc
5 silly config load:file:C:\Users\HP\AppData\Roaming\npm\etc\npmrc
6 verbose title npm install netlify-cli
7 verbose argv "install" "--global" "netlify-cli" "--legacy-peer-deps"
8 verbose logfile logs-max:10 dir:C:\Users\HP\Downloads\Akanni Hannah Ibukun\clean\_logs\2025-11-28T22_44_03_274Z-
9 verbose logfile C:\Users\HP\Downloads\Akanni Hannah Ibukun\clean\_logs\2025-11-28T22_44_03_274Z-debug-0.log
10 silly packumentCache heap:2348810240 maxSize:587202560 maxEntrySize:293601280
11 silly logfile start cleaning logs, removing 1 files
12 silly logfile done cleaning log files
13 silly idealTree buildDeps
14 silly fetch manifest netlify-cli@*
15 silly packumentCache full:https://registry.npmjs.org/netlify-cli cache-miss
16 http fetch GET 200 https://registry.npmjs.org/netlify-cli 72259ms (cache miss)
17 silly packumentCache full:https://registry.npmjs.org/netlify-cli set size:undefined disposed:false
18 silly placeDep ROOT netlify-cli@23.12.2 OK for:  want: *
19 silly fetch manifest @fastify/static@7.0.4
20 silly packumentCache full:https://registry.npmjs.org/@fastify%2fstatic cache-miss
21 silly fetch manifest @netlify/ai@0.3.3
22 silly packumentCache full:https://registry.npmjs.org/@netlify%2fai cache-miss
23 silly fetch manifest @netlify/api@14.0.11
24 silly packumentCache full:https://registry.npmjs.org/@netlify%2fapi cache-miss
25 http fetch GET 200 https://registry.npmjs.org/@netlify%2fai 5736ms (cache miss)
26 silly packumentCache full:https://registry.npmjs.org/@netlify%2fai set size:undefined disposed:false
27 silly fetch manifest @netlify/blobs@10.1.0
28 silly packumentCache full:https://registry.npmjs.org/@netlify%2fblobs cache-miss
29 http fetch GET 200 https://registry.npmjs.org/@netlify%2fapi 6437ms (cache miss)
30 silly packumentCache full:https://registry.npmjs.org/@netlify%2fapi set size:undefined disposed:false
31 silly fetch manifest @netlify/build@35.5.2
32 silly packumentCache full:https://registry.npmjs.org/@netlify%2fbuild cache-miss
33 http fetch GET 200 https://registry.npmjs.org/@fastify%2fstatic 6470ms (cache miss)
34 silly packumentCache full:https://registry.npmjs.org/@fastify%2fstatic set size:undefined disposed:false
35 silly fetch manifest @netlify/build-info@10.0.10
36 silly packumentCache full:https://registry.npmjs.org/@netlify%2fbuild-info cache-miss
37 http fetch GET 200 https://registry.npmjs.org/@netlify%2fblobs 9537ms (cache miss)
38 silly packumentCache full:https://registry.npmjs.org/@netlify%2fblobs set size:undefined disposed:false
39 silly fetch manifest @netlify/config@24.1.1
40 silly packumentCache full:https://registry.npmjs.org/@netlify%2fconfig cache-miss
41 http fetch GET 200 https://registry.npmjs.org/@netlify%2fbuild-info 19830ms (cache miss)
42 silly packumentCache full:https://registry.npmjs.org/@netlify%2fbuild-info set size:undefined disposed:false
43 silly fetch manifest @netlify/dev-utils@4.3.2
44 silly packumentCache full:https://registry.npmjs.org/@netlify%2fdev-utils cache-miss
45 http fetch GET 200 https://registry.npmjs.org/@netlify%2fdev-utils 5679ms (cache miss)
46 silly packumentCache full:https://registry.npmjs.org/@netlify%2fdev-utils set size:undefined disposed:false
47 silly fetch manifest @netlify/edge-bundler@14.9.0
48 silly packumentCache full:https://registry.npmjs.org/@netlify%2fedge-bundler cache-miss
49 http fetch GET 200 https://registry.npmjs.org/@netlify%2fconfig 28984ms (cache miss)
50 silly packumentCache full:https://registry.npmjs.org/@netlify%2fconfig set size:undefined disposed:false
51 silly fetch manifest @netlify/edge-functions@3.0.2
52 silly packumentCache full:https://registry.npmjs.org/@netlify%2fedge-functions cache-miss
53 http fetch GET 200 https://registry.npmjs.org/@netlify%2fedge-bundler 15056ms (cache miss)
54 silly packumentCache full:https://registry.npmjs.org/@netlify%2fedge-bundler set size:undefined disposed:false
55 silly fetch manifest @netlify/edge-functions-bootstrap@2.17.1
56 silly packumentCache full:https://registry.npmjs.org/@netlify%2fedge-functions-bootstrap cache-miss
57 http fetch GET 200 https://registry.npmjs.org/@netlify%2fedge-functions 6277ms (cache miss)
58 silly packumentCache full:https://registry.npmjs.org/@netlify%2fedge-functions set size:undefined disposed:false
59 silly fetch manifest @netlify/headers-parser@9.0.2
60 silly packumentCache full:https://registry.npmjs.org/@netlify%2fheaders-parser cache-miss
61 http fetch GET 200 https://registry.npmjs.org/@netlify%2fedge-functions-bootstrap 4751ms (cache miss)
62 silly packumentCache full:https://registry.npmjs.org/@netlify%2fedge-functions-bootstrap set size:undefined disposed:false
63 silly fetch manifest @netlify/local-functions-proxy@2.0.3
64 silly packumentCache full:https://registry.npmjs.org/@netlify%2flocal-functions-proxy cache-miss
65 http fetch GET 200 https://registry.npmjs.org/@netlify%2fheaders-parser 4426ms (cache miss)
66 silly packumentCache full:https://registry.npmjs.org/@netlify%2fheaders-parser set size:undefined disposed:false
67 silly fetch manifest @netlify/redirect-parser@15.0.3
68 silly packumentCache full:https://registry.npmjs.org/@netlify%2fredirect-parser cache-miss
69 http fetch GET 200 https://registry.npmjs.org/@netlify%2flocal-functions-proxy 5172ms (cache miss)
70 silly packumentCache full:https://registry.npmjs.org/@netlify%2flocal-functions-proxy set size:undefined disposed:false
71 silly fetch manifest @netlify/zip-it-and-ship-it@14.1.14
72 silly packumentCache full:https://registry.npmjs.org/@netlify%2fzip-it-and-ship-it cache-miss
73 http fetch GET 200 https://registry.npmjs.org/@netlify%2fredirect-parser 2038ms (cache miss)
74 silly packumentCache full:https://registry.npmjs.org/@netlify%2fredirect-parser set size:undefined disposed:false
75 silly fetch manifest @octokit/rest@22.0.0
76 silly packumentCache full:https://registry.npmjs.org/@octokit%2frest cache-miss
77 http fetch GET 200 https://registry.npmjs.org/@octokit%2frest 24886ms (cache miss)
78 silly packumentCache full:https://registry.npmjs.org/@octokit%2frest set size:undefined disposed:false
79 silly fetch manifest @opentelemetry/api@1.8.0
80 silly packumentCache full:https://registry.npmjs.org/@opentelemetry%2fapi cache-miss
81 http fetch GET https://registry.npmjs.org/@opentelemetry%2fapi attempt 1 failed with ERR_SSL_SSL/TLS_ALERT_BAD_RECORD_MAC
82 http fetch GET 200 https://registry.npmjs.org/@netlify%2fzip-it-and-ship-it 31623ms (cache miss)
83 silly packumentCache full:https://registry.npmjs.org/@netlify%2fzip-it-and-ship-it set size:undefined disposed:false
84 silly fetch manifest @pnpm/tabtab@0.5.4
85 silly packumentCache full:https://registry.npmjs.org/@pnpm%2ftabtab cache-miss
86 http fetch GET 200 https://registry.npmjs.org/@netlify%2fbuild 83115ms (cache miss)
87 silly packumentCache full:https://registry.npmjs.org/@netlify%2fbuild set size:undefined disposed:false
88 silly fetch manifest ansi-escapes@7.1.1
89 silly packumentCache full:https://registry.npmjs.org/ansi-escapes cache-miss
90 http fetch GET 200 https://registry.npmjs.org/@pnpm%2ftabtab 1173ms (cache miss)
91 silly packumentCache full:https://registry.npmjs.org/@pnpm%2ftabtab set size:undefined disposed:false
92 silly fetch manifest ansi-to-html@0.7.2
93 silly packumentCache full:https://registry.npmjs.org/ansi-to-html cache-miss
94 http fetch GET 200 https://registry.npmjs.org/ansi-escapes 7090ms (cache miss)
95 silly packumentCache full:https://registry.npmjs.org/ansi-escapes set size:undefined disposed:false
96 silly fetch manifest ascii-table@0.0.9
97 silly packumentCache full:https://registry.npmjs.org/ascii-table cache-miss
98 http fetch GET 200 https://registry.npmjs.org/ansi-to-html 7234ms (cache miss)
99 silly packumentCache full:https://registry.npmjs.org/ansi-to-html set size:undefined disposed:false
100 silly fetch manifest backoff@2.5.0
101 silly packumentCache full:https://registry.npmjs.org/backoff cache-miss
102 http fetch GET 200 https://registry.npmjs.org/ascii-table 845ms (cache miss)
103 silly packumentCache full:https://registry.npmjs.org/ascii-table set size:undefined disposed:false
104 silly fetch manifest boxen@8.0.1
105 silly packumentCache full:https://registry.npmjs.org/boxen cache-miss
106 http fetch GET 200 https://registry.npmjs.org/backoff 672ms (cache miss)
107 silly packumentCache full:https://registry.npmjs.org/backoff set size:undefined disposed:false
108 silly fetch manifest chalk@5.6.2
109 silly packumentCache full:https://registry.npmjs.org/chalk cache-miss
110 http fetch GET 200 https://registry.npmjs.org/boxen 4619ms (cache miss)
111 silly packumentCache full:https://registry.npmjs.org/boxen set size:undefined disposed:false
112 silly fetch manifest chokidar@4.0.3
113 silly packumentCache full:https://registry.npmjs.org/chokidar cache-miss
114 http fetch GET 200 https://registry.npmjs.org/chalk 4621ms (cache miss)
115 silly packumentCache full:https://registry.npmjs.org/chalk set size:undefined disposed:false
116 silly fetch manifest ci-info@4.3.0
117 silly packumentCache full:https://registry.npmjs.org/ci-info cache-miss
118 http fetch GET 200 https://registry.npmjs.org/ci-info 1017ms (cache miss)
119 silly packumentCache full:https://registry.npmjs.org/ci-info set size:undefined disposed:false
120 silly fetch manifest clean-deep@3.4.0
121 silly packumentCache full:https://registry.npmjs.org/clean-deep cache-miss
122 http fetch GET 200 https://registry.npmjs.org/chokidar 1034ms (cache miss)
123 silly packumentCache full:https://registry.npmjs.org/chokidar set size:undefined disposed:false
124 silly fetch manifest commander@12.1.0
125 silly packumentCache full:https://registry.npmjs.org/commander cache-miss
126 http fetch GET 200 https://registry.npmjs.org/clean-deep 4495ms (cache miss)
127 silly packumentCache full:https://registry.npmjs.org/clean-deep set size:undefined disposed:false
128 silly fetch manifest comment-json@4.3.0
129 silly packumentCache full:https://registry.npmjs.org/comment-json cache-miss
130 http fetch GET 200 https://registry.npmjs.org/@opentelemetry%2fapi 26812ms attempt #2 (cache miss)
131 silly packumentCache full:https://registry.npmjs.org/@opentelemetry%2fapi set size:undefined disposed:false
132 silly fetch manifest content-type@1.0.5
133 silly packumentCache full:https://registry.npmjs.org/content-type cache-miss
134 http fetch GET 200 https://registry.npmjs.org/commander 5429ms (cache miss)
135 silly packumentCache full:https://registry.npmjs.org/commander set size:undefined disposed:false
136 silly fetch manifest cookie@1.0.2
137 silly packumentCache full:https://registry.npmjs.org/cookie cache-miss
138 http fetch GET 200 https://registry.npmjs.org/comment-json 5669ms (cache miss)
139 silly packumentCache full:https://registry.npmjs.org/comment-json set size:undefined disposed:false
140 silly fetch manifest cron-parser@4.9.0
141 silly packumentCache full:https://registry.npmjs.org/cron-parser cache-miss
142 http fetch GET 200 https://registry.npmjs.org/content-type 4832ms (cache miss)
143 silly packumentCache full:https://registry.npmjs.org/content-type set size:undefined disposed:false
144 silly fetch manifest debug@4.4.3
145 silly packumentCache full:https://registry.npmjs.org/debug cache-miss
146 http fetch GET 200 https://registry.npmjs.org/cookie 5630ms (cache miss)
147 silly packumentCache full:https://registry.npmjs.org/cookie set size:undefined disposed:false
148 silly fetch manifest decache@4.6.2
149 silly packumentCache full:https://registry.npmjs.org/decache cache-miss
150 http fetch GET 200 https://registry.npmjs.org/debug 1456ms (cache miss)
151 silly packumentCache full:https://registry.npmjs.org/debug set size:undefined disposed:false
152 silly fetch manifest dot-prop@9.0.0
153 silly packumentCache full:https://registry.npmjs.org/dot-prop cache-miss
154 http fetch GET 200 https://registry.npmjs.org/cron-parser 1490ms (cache miss)
155 silly packumentCache full:https://registry.npmjs.org/cron-parser set size:undefined disposed:false
156 silly fetch manifest dotenv@17.2.3
157 silly packumentCache full:https://registry.npmjs.org/dotenv cache-miss
158 http fetch GET 200 https://registry.npmjs.org/dot-prop 3126ms (cache miss)
159 silly packumentCache full:https://registry.npmjs.org/dot-prop set size:undefined disposed:false
160 silly fetch manifest env-paths@3.0.0
161 silly packumentCache full:https://registry.npmjs.org/env-paths cache-miss
162 http fetch GET 200 https://registry.npmjs.org/decache 3536ms (cache miss)
163 silly packumentCache full:https://registry.npmjs.org/decache set size:undefined disposed:false
164 silly fetch manifest envinfo@7.15.0
165 silly packumentCache full:https://registry.npmjs.org/envinfo cache-miss
166 http fetch GET https://registry.npmjs.org/env-paths attempt 1 failed with ERR_SSL_SSL/TLS_ALERT_BAD_RECORD_MAC
167 http fetch GET 200 https://registry.npmjs.org/dotenv 4547ms (cache miss)
168 silly packumentCache full:https://registry.npmjs.org/dotenv set size:undefined disposed:false
169 silly fetch manifest etag@1.8.1
170 silly packumentCache full:https://registry.npmjs.org/etag cache-miss
171 http fetch GET 200 https://registry.npmjs.org/etag 2242ms (cache miss)
172 silly packumentCache full:https://registry.npmjs.org/etag set size:undefined disposed:false
173 silly fetch manifest execa@5.1.1
174 silly packumentCache full:https://registry.npmjs.org/execa cache-miss
175 http fetch GET 200 https://registry.npmjs.org/envinfo 5123ms (cache miss)
176 silly packumentCache full:https://registry.npmjs.org/envinfo set size:undefined disposed:false
177 silly fetch manifest express@4.21.2
178 silly packumentCache full:https://registry.npmjs.org/express cache-miss
179 http fetch GET 200 https://registry.npmjs.org/execa 2290ms (cache miss)
180 silly packumentCache full:https://registry.npmjs.org/execa set size:undefined disposed:false
181 silly fetch manifest express-logging@1.1.1
182 silly packumentCache full:https://registry.npmjs.org/express-logging cache-miss
183 http fetch GET 200 https://registry.npmjs.org/express 5543ms (cache miss)
184 silly packumentCache full:https://registry.npmjs.org/express set size:undefined disposed:false
185 silly fetch manifest extract-zip@2.0.1
186 silly packumentCache full:https://registry.npmjs.org/extract-zip cache-miss
187 http fetch GET 200 https://registry.npmjs.org/express-logging 4870ms (cache miss)
188 silly packumentCache full:https://registry.npmjs.org/express-logging set size:undefined disposed:false
189 silly fetch manifest fastest-levenshtein@1.0.16
190 silly packumentCache full:https://registry.npmjs.org/fastest-levenshtein cache-miss
191 http fetch GET 200 https://registry.npmjs.org/extract-zip 12524ms (cache miss)
192 silly packumentCache full:https://registry.npmjs.org/extract-zip set size:undefined disposed:false
193 silly fetch manifest fastify@4.29.1
194 silly packumentCache full:https://registry.npmjs.org/fastify cache-miss
195 http fetch GET 200 https://registry.npmjs.org/fastest-levenshtein 12523ms (cache miss)
196 silly packumentCache full:https://registry.npmjs.org/fastest-levenshtein set size:undefined disposed:false
197 silly fetch manifest find-up@7.0.0
198 silly packumentCache full:https://registry.npmjs.org/find-up cache-miss
199 http fetch GET 200 https://registry.npmjs.org/env-paths 25042ms attempt #2 (cache miss)
200 silly packumentCache full:https://registry.npmjs.org/env-paths set size:undefined disposed:false
201 silly fetch manifest folder-walker@3.2.0
202 silly packumentCache full:https://registry.npmjs.org/folder-walker cache-miss
203 http fetch GET 200 https://registry.npmjs.org/find-up 1613ms (cache miss)
204 silly packumentCache full:https://registry.npmjs.org/find-up set size:undefined disposed:false
205 silly fetch manifest fuzzy@0.1.3
206 silly packumentCache full:https://registry.npmjs.org/fuzzy cache-miss
207 http fetch GET 200 https://registry.npmjs.org/fuzzy 1706ms (cache miss)
208 silly packumentCache full:https://registry.npmjs.org/fuzzy set size:undefined disposed:false
209 silly fetch manifest get-port@5.1.1
210 silly packumentCache full:https://registry.npmjs.org/get-port cache-miss
211 http fetch GET 200 https://registry.npmjs.org/folder-walker 1890ms (cache miss)
212 silly packumentCache full:https://registry.npmjs.org/folder-walker set size:undefined disposed:false
213 silly fetch manifest gh-release-fetch@4.0.3
214 silly packumentCache full:https://registry.npmjs.org/gh-release-fetch cache-miss
215 http fetch GET 200 https://registry.npmjs.org/fastify 3823ms (cache miss)
216 silly packumentCache full:https://registry.npmjs.org/fastify set size:undefined disposed:false
217 silly fetch manifest git-repo-info@2.1.1
218 silly packumentCache full:https://registry.npmjs.org/git-repo-info cache-miss
219 http fetch GET 200 https://registry.npmjs.org/get-port 3054ms (cache miss)
220 silly packumentCache full:https://registry.npmjs.org/get-port set size:undefined disposed:false
221 silly fetch manifest gitconfiglocal@2.1.0
222 silly packumentCache full:https://registry.npmjs.org/gitconfiglocal cache-miss
223 http fetch GET 200 https://registry.npmjs.org/git-repo-info 3579ms (cache miss)
224 silly packumentCache full:https://registry.npmjs.org/git-repo-info set size:undefined disposed:false
225 silly fetch manifest http-proxy@1.18.1
226 silly packumentCache full:https://registry.npmjs.org/http-proxy cache-miss
227 http fetch GET 200 https://registry.npmjs.org/gh-release-fetch 5395ms (cache miss)
228 silly packumentCache full:https://registry.npmjs.org/gh-release-fetch set size:undefined disposed:false
229 silly fetch manifest http-proxy-middleware@2.0.9
230 silly packumentCache full:https://registry.npmjs.org/http-proxy-middleware cache-miss
231 http fetch GET 200 https://registry.npmjs.org/gitconfiglocal 3106ms (cache miss)
232 silly packumentCache full:https://registry.npmjs.org/gitconfiglocal set size:undefined disposed:false
233 silly fetch manifest https-proxy-agent@7.0.6
234 silly packumentCache full:https://registry.npmjs.org/https-proxy-agent cache-miss
235 http fetch GET 200 https://registry.npmjs.org/https-proxy-agent 3696ms (cache miss)
236 silly packumentCache full:https://registry.npmjs.org/https-proxy-agent set size:undefined disposed:false
237 silly fetch manifest inquirer@8.2.7
238 silly packumentCache full:https://registry.npmjs.org/inquirer cache-miss
239 http fetch GET 200 https://registry.npmjs.org/http-proxy-middleware 5074ms (cache miss)
240 silly packumentCache full:https://registry.npmjs.org/http-proxy-middleware set size:undefined disposed:false
241 silly fetch manifest inquirer-autocomplete-prompt@1.4.0
242 silly packumentCache full:https://registry.npmjs.org/inquirer-autocomplete-prompt cache-miss
243 http fetch GET 200 https://registry.npmjs.org/http-proxy 7246ms (cache miss)
244 silly packumentCache full:https://registry.npmjs.org/http-proxy set size:undefined disposed:false
245 silly fetch manifest ipx@3.1.1
246 silly packumentCache full:https://registry.npmjs.org/ipx cache-miss
247 http fetch GET 200 https://registry.npmjs.org/inquirer-autocomplete-prompt 912ms (cache miss)
248 silly packumentCache full:https://registry.npmjs.org/inquirer-autocomplete-prompt set size:undefined disposed:false
249 silly fetch manifest is-docker@3.0.0
250 silly packumentCache full:https://registry.npmjs.org/is-docker cache-miss
251 http fetch GET 200 https://registry.npmjs.org/inquirer 2402ms (cache miss)
252 silly packumentCache full:https://registry.npmjs.org/inquirer set size:undefined disposed:false
253 silly fetch manifest is-stream@4.0.1
254 silly packumentCache full:https://registry.npmjs.org/is-stream cache-miss
255 http fetch GET 200 https://registry.npmjs.org/is-docker 2665ms (cache miss)
256 silly packumentCache full:https://registry.npmjs.org/is-docker set size:undefined disposed:false
257 silly fetch manifest is-wsl@3.1.0
258 silly packumentCache full:https://registry.npmjs.org/is-wsl cache-miss
259 http fetch GET 200 https://registry.npmjs.org/is-stream 1898ms (cache miss)
260 silly packumentCache full:https://registry.npmjs.org/is-stream set size:undefined disposed:false
261 silly fetch manifest isexe@3.1.1
262 silly packumentCache full:https://registry.npmjs.org/isexe cache-miss
263 http fetch GET 200 https://registry.npmjs.org/ipx 3244ms (cache miss)
264 silly packumentCache full:https://registry.npmjs.org/ipx set size:undefined disposed:false
265 silly fetch manifest jsonwebtoken@9.0.2
266 silly packumentCache full:https://registry.npmjs.org/jsonwebtoken cache-miss
267 http fetch GET 200 https://registry.npmjs.org/isexe 638ms (cache miss)
268 silly packumentCache full:https://registry.npmjs.org/isexe set size:undefined disposed:false
269 silly fetch manifest jwt-decode@4.0.0
270 silly packumentCache full:https://registry.npmjs.org/jwt-decode cache-miss
271 http fetch GET 200 https://registry.npmjs.org/is-wsl 697ms (cache miss)
272 silly packumentCache full:https://registry.npmjs.org/is-wsl set size:undefined disposed:false
273 silly fetch manifest lambda-local@2.2.0
274 silly packumentCache full:https://registry.npmjs.org/lambda-local cache-miss
275 http fetch GET 200 https://registry.npmjs.org/lambda-local 6454ms (cache miss)
276 silly packumentCache full:https://registry.npmjs.org/lambda-local set size:undefined disposed:false
277 silly fetch manifest locate-path@7.2.0
278 silly packumentCache full:https://registry.npmjs.org/locate-path cache-miss
279 http fetch GET 200 https://registry.npmjs.org/jwt-decode 6481ms (cache miss)
280 silly packumentCache full:https://registry.npmjs.org/jwt-decode set size:undefined disposed:false
281 silly fetch manifest lodash@4.17.21
282 silly packumentCache full:https://registry.npmjs.org/lodash cache-miss
283 http fetch GET 200 https://registry.npmjs.org/jsonwebtoken 6629ms (cache miss)
284 silly packumentCache full:https://registry.npmjs.org/jsonwebtoken set size:undefined disposed:false
285 silly fetch manifest log-update@6.1.0
286 silly packumentCache full:https://registry.npmjs.org/log-update cache-miss
287 http fetch GET 200 https://registry.npmjs.org/log-update 2198ms (cache miss)
288 silly packumentCache full:https://registry.npmjs.org/log-update set size:undefined disposed:false
289 silly fetch manifest maxstache@1.0.7
290 silly packumentCache full:https://registry.npmjs.org/maxstache cache-miss
291 http fetch GET 200 https://registry.npmjs.org/locate-path 2642ms (cache miss)
292 silly packumentCache full:https://registry.npmjs.org/locate-path set size:undefined disposed:false
293 silly fetch manifest maxstache-stream@1.0.4
294 silly packumentCache full:https://registry.npmjs.org/maxstache-stream cache-miss
295 http fetch GET 200 https://registry.npmjs.org/lodash 2645ms (cache miss)
296 silly packumentCache full:https://registry.npmjs.org/lodash set size:undefined disposed:false
297 silly fetch manifest multiparty@4.2.3
298 silly packumentCache full:https://registry.npmjs.org/multiparty cache-miss
299 http fetch GET 200 https://registry.npmjs.org/maxstache 812ms (cache miss)
300 silly packumentCache full:https://registry.npmjs.org/maxstache set size:undefined disposed:false
301 silly fetch manifest nanospinner@1.2.2
302 silly packumentCache full:https://registry.npmjs.org/nanospinner cache-miss
303 http fetch GET 200 https://registry.npmjs.org/maxstache-stream 495ms (cache miss)
304 silly packumentCache full:https://registry.npmjs.org/maxstache-stream set size:undefined disposed:false
305 silly fetch manifest netlify-redirector@0.5.0
306 silly packumentCache full:https://registry.npmjs.org/netlify-redirector cache-miss
307 http fetch GET 200 https://registry.npmjs.org/multiparty 3683ms (cache miss)
308 silly packumentCache full:https://registry.npmjs.org/multiparty set size:undefined disposed:false
309 silly fetch manifest node-fetch@3.3.2
310 silly packumentCache full:https://registry.npmjs.org/node-fetch cache-miss
311 http fetch GET 200 https://registry.npmjs.org/nanospinner 3286ms (cache miss)
312 silly packumentCache full:https://registry.npmjs.org/nanospinner set size:undefined disposed:false
313 silly fetch manifest normalize-package-data@7.0.1
314 silly packumentCache full:https://registry.npmjs.org/normalize-package-data cache-miss
315 http fetch GET 200 https://registry.npmjs.org/netlify-redirector 3467ms (cache miss)
316 silly packumentCache full:https://registry.npmjs.org/netlify-redirector set size:undefined disposed:false
317 silly fetch manifest open@10.2.0
318 silly packumentCache full:https://registry.npmjs.org/open cache-miss
319 http fetch GET 200 https://registry.npmjs.org/normalize-package-data 3971ms (cache miss)
320 silly packumentCache full:https://registry.npmjs.org/normalize-package-data set size:undefined disposed:false
321 silly fetch manifest p-filter@4.1.0
322 silly packumentCache full:https://registry.npmjs.org/p-filter cache-miss
323 http fetch GET 200 https://registry.npmjs.org/open 4507ms (cache miss)
324 silly packumentCache full:https://registry.npmjs.org/open set size:undefined disposed:false
325 silly fetch manifest p-map@7.0.3
326 silly packumentCache full:https://registry.npmjs.org/p-map cache-miss
327 http fetch GET 200 https://registry.npmjs.org/p-filter 6181ms (cache miss)
328 silly packumentCache full:https://registry.npmjs.org/p-filter set size:undefined disposed:false
329 silly fetch manifest p-wait-for@5.0.2
330 silly packumentCache full:https://registry.npmjs.org/p-wait-for cache-miss
331 http fetch GET 200 https://registry.npmjs.org/p-map 6508ms (cache miss)
332 silly packumentCache full:https://registry.npmjs.org/p-map set size:undefined disposed:false
333 silly fetch manifest parallel-transform@1.2.0
334 silly packumentCache full:https://registry.npmjs.org/parallel-transform cache-miss
335 http fetch GET 200 https://registry.npmjs.org/node-fetch 14795ms (cache miss)
336 silly packumentCache full:https://registry.npmjs.org/node-fetch set size:undefined disposed:false
337 silly fetch manifest parse-github-url@1.0.3
338 silly packumentCache full:https://registry.npmjs.org/parse-github-url cache-miss
339 http fetch GET 200 https://registry.npmjs.org/p-wait-for 6590ms (cache miss)
340 silly packumentCache full:https://registry.npmjs.org/p-wait-for set size:undefined disposed:false
341 silly fetch manifest prettyjson@1.2.5
342 silly packumentCache full:https://registry.npmjs.org/prettyjson cache-miss
343 http fetch GET 200 https://registry.npmjs.org/parallel-transform 5564ms (cache miss)
344 silly packumentCache full:https://registry.npmjs.org/parallel-transform set size:undefined disposed:false
345 silly fetch manifest raw-body@3.0.1
346 silly packumentCache full:https://registry.npmjs.org/raw-body cache-miss
347 http fetch GET 200 https://registry.npmjs.org/parse-github-url 5919ms (cache miss)
348 silly packumentCache full:https://registry.npmjs.org/parse-github-url set size:undefined disposed:false
349 silly fetch manifest read-package-up@11.0.0
350 silly packumentCache full:https://registry.npmjs.org/read-package-up cache-miss
351 http fetch GET 200 https://registry.npmjs.org/prettyjson 4635ms (cache miss)
352 silly packumentCache full:https://registry.npmjs.org/prettyjson set size:undefined disposed:false
353 silly fetch manifest readdirp@4.1.2
354 silly packumentCache full:https://registry.npmjs.org/readdirp cache-miss
355 http fetch GET 200 https://registry.npmjs.org/raw-body 4636ms (cache miss)
356 silly packumentCache full:https://registry.npmjs.org/raw-body set size:undefined disposed:false
357 silly fetch manifest semver@7.7.2
358 silly packumentCache full:https://registry.npmjs.org/semver cache-miss
359 http fetch GET 200 https://registry.npmjs.org/read-package-up 1923ms (cache miss)
360 silly packumentCache full:https://registry.npmjs.org/read-package-up set size:undefined disposed:false
361 silly fetch manifest source-map-support@0.5.21
362 silly packumentCache full:https://registry.npmjs.org/source-map-support cache-miss
363 http fetch GET 200 https://registry.npmjs.org/readdirp 9025ms (cache miss)
364 silly packumentCache full:https://registry.npmjs.org/readdirp set size:undefined disposed:false
365 silly fetch manifest terminal-link@4.0.0
366 silly packumentCache full:https://registry.npmjs.org/terminal-link cache-miss
367 http fetch GET 200 https://registry.npmjs.org/source-map-support 8085ms (cache miss)
368 silly packumentCache full:https://registry.npmjs.org/source-map-support set size:undefined disposed:false
369 silly fetch manifest toml@3.0.0
370 silly packumentCache full:https://registry.npmjs.org/toml cache-miss
371 http fetch GET 200 https://registry.npmjs.org/semver 10020ms (cache miss)
372 silly packumentCache full:https://registry.npmjs.org/semver set size:undefined disposed:false
373 silly fetch manifest tomlify-j0.4@3.0.0
374 silly packumentCache full:https://registry.npmjs.org/tomlify-j0.4 cache-miss
375 http fetch GET 200 https://registry.npmjs.org/terminal-link 5950ms (cache miss)
376 silly packumentCache full:https://registry.npmjs.org/terminal-link set size:undefined disposed:false
377 silly fetch manifest ulid@3.0.1
378 silly packumentCache full:https://registry.npmjs.org/ulid cache-miss
379 http fetch GET 200 https://registry.npmjs.org/toml 6537ms (cache miss)
380 silly packumentCache full:https://registry.npmjs.org/toml set size:undefined disposed:false
381 silly fetch manifest update-notifier@7.3.1
382 silly packumentCache full:https://registry.npmjs.org/update-notifier cache-miss
383 http fetch GET 200 https://registry.npmjs.org/tomlify-j0.4 6162ms (cache miss)
384 silly packumentCache full:https://registry.npmjs.org/tomlify-j0.4 set size:undefined disposed:false
385 silly fetch manifest uuid@11.1.0
386 silly packumentCache full:https://registry.npmjs.org/uuid cache-miss
387 http fetch GET 200 https://registry.npmjs.org/ulid 5918ms (cache miss)
388 silly packumentCache full:https://registry.npmjs.org/ulid set size:undefined disposed:false
389 silly fetch manifest write-file-atomic@5.0.1
390 silly packumentCache full:https://registry.npmjs.org/write-file-atomic cache-miss
391 http fetch GET 200 https://registry.npmjs.org/update-notifier 7905ms (cache miss)
392 silly packumentCache full:https://registry.npmjs.org/update-notifier set size:undefined disposed:false
393 silly fetch manifest ws@8.18.3
394 silly packumentCache full:https://registry.npmjs.org/ws cache-miss
395 http fetch GET 200 https://registry.npmjs.org/uuid 9751ms (cache miss)
396 silly packumentCache full:https://registry.npmjs.org/uuid set size:undefined disposed:false
397 http fetch GET 200 https://registry.npmjs.org/write-file-atomic 6637ms (cache miss)
398 silly packumentCache full:https://registry.npmjs.org/write-file-atomic set size:undefined disposed:false
399 http fetch GET 200 https://registry.npmjs.org/ws 11613ms (cache miss)
400 silly packumentCache full:https://registry.npmjs.org/ws set size:undefined disposed:false
401 silly reify mark retired [
401 silly reify   'C:\\Users\\HP\\AppData\\Roaming\\npm\\node_modules\\netlify-cli',
401 silly reify   'C:\\Users\\HP\\AppData\\Roaming\\npm\\ntl',
401 silly reify   'C:\\Users\\HP\\AppData\\Roaming\\npm\\ntl.cmd',
401 silly reify   'C:\\Users\\HP\\AppData\\Roaming\\npm\\ntl.ps1',
401 silly reify   'C:\\Users\\HP\\AppData\\Roaming\\npm\\netlify',
401 silly reify   'C:\\Users\\HP\\AppData\\Roaming\\npm\\netlify.cmd',
401 silly reify   'C:\\Users\\HP\\AppData\\Roaming\\npm\\netlify.ps1'
401 silly reify ]
402 silly reify moves {
402 silly reify   'C:\\Users\\HP\\AppData\\Roaming\\npm\\node_modules\\netlify-cli': 'C:\\Users\\HP\\AppData\\Roaming\\npm\\node_modules\\.netlify-cli-zevxpyhP',
402 silly reify   'C:\\Users\\HP\\AppData\\Roaming\\npm\\ntl': 'C:\\Users\\HP\\AppData\\Roaming\\npm\\.ntl-o4Uk9AsT',
402 silly reify   'C:\\Users\\HP\\AppData\\Roaming\\npm\\ntl.cmd': 'C:\\Users\\HP\\AppData\\Roaming\\npm\\.ntl.cmd-VcSwxTa4',
402 silly reify   'C:\\Users\\HP\\AppData\\Roaming\\npm\\ntl.ps1': 'C:\\Users\\HP\\AppData\\Roaming\\npm\\.ntl.ps1-s0pRg3Zn',
402 silly reify   'C:\\Users\\HP\\AppData\\Roaming\\npm\\netlify': 'C:\\Users\\HP\\AppData\\Roaming\\npm\\.netlify-6XD34TJ9',
402 silly reify   'C:\\Users\\HP\\AppData\\Roaming\\npm\\netlify.cmd': 'C:\\Users\\HP\\AppData\\Roaming\\npm\\.netlify.cmd-pzY8BsNz',
402 silly reify   'C:\\Users\\HP\\AppData\\Roaming\\npm\\netlify.ps1': 'C:\\Users\\HP\\AppData\\Roaming\\npm\\.netlify.ps1-Q4uMpbHp'
402 silly reify }
403 http cache netlify-cli@https://registry.npmjs.org/netlify-cli/-/netlify-cli-23.12.2.tgz 0ms (cache hit)
404 silly tarball no local data for netlify-cli@https://registry.npmjs.org/netlify-cli/-/netlify-cli-23.12.2.tgz. Extracting by manifest.
