0 verbose cli C:\Program Files\nodejs\node.exe C:\Users\HP\AppData\Roaming\npm\node_modules\npm\bin\npm-cli.js
1 info using npm@11.6.3
2 info using node@v24.11.0
3 silly config load:file:C:\Users\HP\AppData\Roaming\npm\node_modules\npm\npmrc
4 silly config load:file:C:\Users\HP\.npmrc
5 silly config load:file:C:\Users\HP\AppData\Roaming\npm\etc\npmrc
6 verbose title npm uninstall netlify-cli
7 verbose argv "uninstall" "--global" "netlify-cli"
8 verbose logfile logs-max:10 dir:C:\Users\HP\Downloads\Akanni Hannah Ibukun\clean\_logs\2025-11-29T03_52_34_149Z-
9 verbose logfile C:\Users\HP\Downloads\Akanni Hannah Ibukun\clean\_logs\2025-11-29T03_52_34_149Z-debug-0.log
10 silly packumentCache heap:2348810240 maxSize:587202560 maxEntrySize:293601280
11 silly logfile start cleaning logs, removing 1 files
12 silly logfile done cleaning log files
13 silly idealTree buildDeps
14 silly reify mark retired [
14 silly reify   'C:\\Users\\HP\\AppData\\Roaming\\npm\\node_modules\\netlify-cli',
14 silly reify   'C:\\Users\\HP\\AppData\\Roaming\\npm\\ntl',
14 silly reify   'C:\\Users\\HP\\AppData\\Roaming\\npm\\ntl.cmd',
14 silly reify   'C:\\Users\\HP\\AppData\\Roaming\\npm\\ntl.ps1',
14 silly reify   'C:\\Users\\HP\\AppData\\Roaming\\npm\\netlify',
14 silly reify   'C:\\Users\\HP\\AppData\\Roaming\\npm\\netlify.cmd',
14 silly reify   'C:\\Users\\HP\\AppData\\Roaming\\npm\\netlify.ps1'
14 silly reify ]
15 silly reify moves {
15 silly reify   'C:\\Users\\HP\\AppData\\Roaming\\npm\\node_modules\\netlify-cli': 'C:\\Users\\HP\\AppData\\Roaming\\npm\\node_modules\\.netlify-cli-zevxpyhP',
15 silly reify   'C:\\Users\\HP\\AppData\\Roaming\\npm\\ntl': 'C:\\Users\\HP\\AppData\\Roaming\\npm\\.ntl-o4Uk9AsT',
15 silly reify   'C:\\Users\\HP\\AppData\\Roaming\\npm\\ntl.cmd': 'C:\\Users\\HP\\AppData\\Roaming\\npm\\.ntl.cmd-VcSwxTa4',
15 silly reify   'C:\\Users\\HP\\AppData\\Roaming\\npm\\ntl.ps1': 'C:\\Users\\HP\\AppData\\Roaming\\npm\\.ntl.ps1-s0pRg3Zn',
15 silly reify   'C:\\Users\\HP\\AppData\\Roaming\\npm\\netlify': 'C:\\Users\\HP\\AppData\\Roaming\\npm\\.netlify-6XD34TJ9',
15 silly reify   'C:\\Users\\HP\\AppData\\Roaming\\npm\\netlify.cmd': 'C:\\Users\\HP\\AppData\\Roaming\\npm\\.netlify.cmd-pzY8BsNz',
15 silly reify   'C:\\Users\\HP\\AppData\\Roaming\\npm\\netlify.ps1': 'C:\\Users\\HP\\AppData\\Roaming\\npm\\.netlify.ps1-Q4uMpbHp'
15 silly reify }
16 silly REMOVE node_modules/netlify-cli
17 silly REMOVE node_modules/netlify-cli/node_modules/@netlify/local-functions-proxy-openbsd-x64
18 silly REMOVE node_modules/netlify-cli/node_modules/@netlify/local-functions-proxy-win32-ia32
19 silly REMOVE node_modules/netlify-cli/node_modules/@netlify/local-functions-proxy-linux-ia32
20 silly REMOVE node_modules/netlify-cli/node_modules/@netlify/local-functions-proxy-linux-x64
21 silly REMOVE node_modules/netlify-cli/node_modules/@netlify/local-functions-proxy-linux-arm64
22 silly REMOVE node_modules/netlify-cli/node_modules/@netlify/local-functions-proxy-linux-ppc64
23 silly REMOVE node_modules/netlify-cli/node_modules/@netlify/local-functions-proxy-linux-arm
24 silly REMOVE node_modules/netlify-cli/node_modules/@netlify/local-functions-proxy-freebsd-arm64
25 silly REMOVE node_modules/netlify-cli/node_modules/@netlify/local-functions-proxy-darwin-x64
26 silly REMOVE node_modules/netlify-cli/node_modules/@netlify/local-functions-proxy-darwin-arm64
27 silly REMOVE node_modules/netlify-cli/node_modules/@netlify/local-functions-proxy-freebsd-x64
28 silly REMOVE node_modules/netlify-cli/node_modules/@whatwg-node/fetch
29 silly REMOVE node_modules/netlify-cli/node_modules/@whatwg-node/fetch/node_modules/urlpattern-polyfill
30 silly REMOVE node_modules/netlify-cli/node_modules/@xhmikosr/downloader
31 silly REMOVE node_modules/netlify-cli/node_modules/@xhmikosr/downloader/node_modules/p-timeout
32 silly REMOVE node_modules/netlify-cli/node_modules/@xhmikosr/downloader/node_modules/get-stream
33 silly REMOVE node_modules/netlify-cli/node_modules/@xhmikosr/downloader/node_modules/p-event
34 silly REMOVE node_modules/netlify-cli/node_modules/@xhmikosr/decompress-tar
35 silly REMOVE node_modules/netlify-cli/node_modules/@xhmikosr/decompress-tar/node_modules/is-stream
36 silly REMOVE node_modules/netlify-cli/node_modules/@xhmikosr/decompress-tarbz2
37 silly REMOVE node_modules/netlify-cli/node_modules/@xhmikosr/decompress-tarbz2/node_modules/is-stream
38 silly REMOVE node_modules/netlify-cli/node_modules/@xhmikosr/decompress-unzip
39 silly REMOVE node_modules/netlify-cli/node_modules/@xhmikosr/decompress-unzip/node_modules/get-stream
40 silly REMOVE node_modules/netlify-cli/node_modules/@xhmikosr/decompress-targz
41 silly REMOVE node_modules/netlify-cli/node_modules/@xhmikosr/decompress-targz/node_modules/is-stream
42 silly REMOVE node_modules/netlify-cli/node_modules/@whatwg-node/server
43 silly REMOVE node_modules/netlify-cli/node_modules/@xhmikosr/decompress
44 silly REMOVE node_modules/netlify-cli/node_modules/@vue/shared
45 silly REMOVE node_modules/netlify-cli/node_modules/@xhmikosr/archive-type
46 silly REMOVE node_modules/netlify-cli/node_modules/@whatwg-node/promise-helpers
47 silly REMOVE node_modules/netlify-cli/node_modules/@vue/compiler-ssr
48 silly REMOVE node_modules/netlify-cli/node_modules/@whatwg-node/node-fetch
49 silly REMOVE node_modules/netlify-cli/node_modules/@whatwg-node/disposablestack
50 silly REMOVE node_modules/netlify-cli/node_modules/@vue/compiler-core
51 silly REMOVE node_modules/netlify-cli/node_modules/@vue/compiler-core/node_modules/entities
52 silly REMOVE node_modules/netlify-cli/node_modules/@vue/compiler-dom
53 silly REMOVE node_modules/netlify-cli/node_modules/@typescript-eslint/types
54 silly REMOVE node_modules/netlify-cli/node_modules/@vue/compiler-sfc
55 silly REMOVE node_modules/netlify-cli/node_modules/@typescript-eslint/project-service
56 silly REMOVE node_modules/netlify-cli/node_modules/@typescript-eslint/visitor-keys
57 silly REMOVE node_modules/netlify-cli/node_modules/@typescript-eslint/visitor-keys/node_modules/eslint-visitor-keys
58 silly REMOVE node_modules/netlify-cli/node_modules/@typescript-eslint/typescript-estree
59 silly REMOVE node_modules/netlify-cli/node_modules/@vercel/nft
60 silly REMOVE node_modules/netlify-cli/node_modules/@types/triple-beam
61 silly REMOVE node_modules/netlify-cli/node_modules/@typescript-eslint/tsconfig-utils
62 silly REMOVE node_modules/netlify-cli/node_modules/@types/http-proxy
63 silly REMOVE node_modules/netlify-cli/node_modules/@types/serve-static
64 silly REMOVE node_modules/netlify-cli/node_modules/@types/normalize-package-data
65 silly REMOVE node_modules/netlify-cli/node_modules/@types/yauzl
66 silly REMOVE node_modules/netlify-cli/node_modules/@types/send
67 silly REMOVE node_modules/netlify-cli/node_modules/@types/retry
68 silly REMOVE node_modules/netlify-cli/node_modules/@types/range-parser
69 silly REMOVE node_modules/netlify-cli/node_modules/@types/node
70 silly REMOVE node_modules/netlify-cli/node_modules/@types/http-errors
71 silly REMOVE node_modules/netlify-cli/node_modules/@types/http-cache-semantics
72 silly REMOVE node_modules/netlify-cli/node_modules/@types/qs
73 silly REMOVE node_modules/netlify-cli/node_modules/@types/mime
74 silly REMOVE node_modules/netlify-cli/node_modules/@types/express
75 silly REMOVE node_modules/netlify-cli/node_modules/@types/body-parser
76 silly REMOVE node_modules/netlify-cli/node_modules/@types/estree
77 silly REMOVE node_modules/netlify-cli/node_modules/@types/express-serve-static-core
78 silly REMOVE node_modules/netlify-cli/node_modules/@tsconfig/node14
79 silly REMOVE node_modules/netlify-cli/node_modules/@szmarczak/http-timer
80 silly REMOVE node_modules/netlify-cli/node_modules/@types/connect
81 silly REMOVE node_modules/netlify-cli/node_modules/@tokenizer/token
82 silly REMOVE node_modules/netlify-cli/node_modules/@tsconfig/node10
83 silly REMOVE node_modules/netlify-cli/node_modules/@tsconfig/node16
84 silly REMOVE node_modules/netlify-cli/node_modules/@sindresorhus/is
85 silly REMOVE node_modules/netlify-cli/node_modules/@tsconfig/node12
86 silly REMOVE node_modules/netlify-cli/node_modules/@sec-ant/readable-stream
87 silly REMOVE node_modules/netlify-cli/node_modules/@sindresorhus/transliterate
88 silly REMOVE node_modules/netlify-cli/node_modules/@rollup/rollup-win32-x64-msvc
89 silly REMOVE node_modules/netlify-cli/node_modules/@rollup/rollup-win32-x64-gnu
90 silly REMOVE node_modules/netlify-cli/node_modules/@sindresorhus/merge-streams
91 silly REMOVE node_modules/netlify-cli/node_modules/@rollup/rollup-win32-arm64-msvc
92 silly REMOVE node_modules/netlify-cli/node_modules/@rollup/rollup-openharmony-arm64
93 silly REMOVE node_modules/netlify-cli/node_modules/@rollup/rollup-linux-x64-musl
94 silly REMOVE node_modules/netlify-cli/node_modules/@rollup/rollup-win32-ia32-msvc
95 silly REMOVE node_modules/netlify-cli/node_modules/@rollup/rollup-linux-x64-gnu
96 silly REMOVE node_modules/netlify-cli/node_modules/@rollup/rollup-linux-riscv64-musl
97 silly REMOVE node_modules/netlify-cli/node_modules/@parcel/watcher-win32-arm64
98 silly REMOVE node_modules/netlify-cli/node_modules/@rollup/rollup-linux-s390x-gnu
99 silly REMOVE node_modules/netlify-cli/node_modules/@rollup/rollup-linux-arm64-musl
100 silly REMOVE node_modules/netlify-cli/node_modules/@rollup/rollup-linux-loong64-gnu
101 silly REMOVE node_modules/netlify-cli/node_modules/@pnpm/tabtab
102 silly REMOVE node_modules/netlify-cli/node_modules/@rollup/rollup-linux-ppc64-gnu
103 silly REMOVE node_modules/netlify-cli/node_modules/@rollup/rollup-linux-riscv64-gnu
104 silly REMOVE node_modules/netlify-cli/node_modules/@rollup/rollup-linux-arm64-gnu
105 silly REMOVE node_modules/netlify-cli/node_modules/@rollup/rollup-linux-arm-musleabihf
106 silly REMOVE node_modules/netlify-cli/node_modules/@rollup/rollup-freebsd-x64
107 silly REMOVE node_modules/netlify-cli/node_modules/@rollup/rollup-linux-arm-gnueabihf
108 silly REMOVE node_modules/netlify-cli/node_modules/@pnpm/npm-conf
109 silly REMOVE node_modules/netlify-cli/node_modules/@rollup/rollup-freebsd-arm64
110 silly REMOVE node_modules/netlify-cli/node_modules/@rollup/pluginutils
111 silly REMOVE node_modules/netlify-cli/node_modules/@rollup/rollup-darwin-x64
112 silly REMOVE node_modules/netlify-cli/node_modules/@rollup/rollup-android-arm-eabi
113 silly REMOVE node_modules/netlify-cli/node_modules/@parcel/watcher-win32-ia32
114 silly REMOVE node_modules/netlify-cli/node_modules/@rollup/rollup-darwin-arm64
115 silly REMOVE node_modules/netlify-cli/node_modules/@rollup/rollup-android-arm64
116 silly REMOVE node_modules/netlify-cli/node_modules/@pnpm/config.env-replace
117 silly REMOVE node_modules/netlify-cli/node_modules/@pnpm/network.ca-file
118 silly REMOVE node_modules/netlify-cli/node_modules/@pnpm/network.ca-file/node_modules/graceful-fs
119 silly REMOVE node_modules/netlify-cli/node_modules/@parcel/watcher-linux-x64-musl
120 silly REMOVE node_modules/netlify-cli/node_modules/@pkgjs/parseargs
121 silly REMOVE node_modules/netlify-cli/node_modules/@parcel/watcher-win32-x64
122 silly REMOVE node_modules/netlify-cli/node_modules/@parcel/watcher-linux-x64-glibc
123 silly REMOVE node_modules/netlify-cli/node_modules/@parcel/watcher-linux-arm-musl
124 silly REMOVE node_modules/netlify-cli/node_modules/@parcel/watcher-wasm
125 silly REMOVE node_modules/netlify-cli/node_modules/@parcel/watcher-wasm/node_modules/napi-wasm
126 silly REMOVE node_modules/netlify-cli/node_modules/@parcel/watcher-linux-arm64-glibc
127 silly REMOVE node_modules/netlify-cli/node_modules/@parcel/watcher-linux-arm64-musl
128 silly REMOVE node_modules/netlify-cli/node_modules/@parcel/watcher-darwin-x64
129 silly REMOVE node_modules/netlify-cli/node_modules/@parcel/watcher-linux-arm-glibc
130 silly REMOVE node_modules/netlify-cli/node_modules/@parcel/watcher
131 silly REMOVE node_modules/netlify-cli/node_modules/@parcel/watcher/node_modules/detect-libc
132 silly REMOVE node_modules/netlify-cli/node_modules/@parcel/watcher-freebsd-x64
133 silly REMOVE node_modules/netlify-cli/node_modules/@parcel/watcher-darwin-arm64
134 silly REMOVE node_modules/netlify-cli/node_modules/@opentelemetry/sdk-trace-base
135 silly REMOVE node_modules/netlify-cli/node_modules/@opentelemetry/propagator-jaeger
136 silly REMOVE node_modules/netlify-cli/node_modules/@parcel/watcher-android-arm64
137 silly REMOVE node_modules/netlify-cli/node_modules/@opentelemetry/sdk-trace-node
138 silly REMOVE node_modules/netlify-cli/node_modules/@opentelemetry/semantic-conventions
139 silly REMOVE node_modules/netlify-cli/node_modules/@opentelemetry/propagator-b3
140 silly REMOVE node_modules/netlify-cli/node_modules/@opentelemetry/core
141 silly REMOVE node_modules/netlify-cli/node_modules/@opentelemetry/instrumentation
142 silly REMOVE node_modules/netlify-cli/node_modules/@opentelemetry/resources
143 silly REMOVE node_modules/netlify-cli/node_modules/@opentelemetry/context-async-hooks
144 silly REMOVE node_modules/netlify-cli/node_modules/@opentelemetry/api-logs
145 silly REMOVE node_modules/netlify-cli/node_modules/@octokit/request-error
146 silly REMOVE node_modules/netlify-cli/node_modules/@octokit/types
147 silly REMOVE node_modules/netlify-cli/node_modules/@opentelemetry/api
148 silly REMOVE node_modules/netlify-cli/node_modules/@octokit/request
149 silly REMOVE node_modules/netlify-cli/node_modules/@octokit/plugin-rest-endpoint-methods
150 silly REMOVE node_modules/netlify-cli/node_modules/@octokit/rest
151 silly REMOVE node_modules/netlify-cli/node_modules/@octokit/plugin-request-log
152 silly REMOVE node_modules/netlify-cli/node_modules/@octokit/auth-token
153 silly REMOVE node_modules/netlify-cli/node_modules/@octokit/plugin-paginate-rest
154 silly REMOVE node_modules/netlify-cli/node_modules/@nodelib/fs.scandir
155 silly REMOVE node_modules/netlify-cli/node_modules/@octokit/graphql
156 silly REMOVE node_modules/netlify-cli/node_modules/@octokit/endpoint
157 silly REMOVE node_modules/netlify-cli/node_modules/@octokit/core
158 silly REMOVE node_modules/netlify-cli/node_modules/@octokit/openapi-types
159 silly REMOVE node_modules/netlify-cli/node_modules/@nodelib/fs.walk
160 silly REMOVE node_modules/netlify-cli/node_modules/@netlify/types
161 silly REMOVE node_modules/netlify-cli/node_modules/@nodelib/fs.stat
162 silly REMOVE node_modules/netlify-cli/node_modules/@netlify/zip-it-and-ship-it
163 silly REMOVE node_modules/netlify-cli/node_modules/@netlify/zip-it-and-ship-it/node_modules/@netlify/serverless-functions-api
164 silly REMOVE node_modules/netlify-cli/node_modules/@netlify/zip-it-and-ship-it/node_modules/onetime
165 silly REMOVE node_modules/netlify-cli/node_modules/@netlify/zip-it-and-ship-it/node_modules/strip-final-newline
166 silly REMOVE node_modules/netlify-cli/node_modules/@netlify/zip-it-and-ship-it/node_modules/npm-run-path
167 silly REMOVE node_modules/netlify-cli/node_modules/@netlify/zip-it-and-ship-it/node_modules/signal-exit
168 silly REMOVE node_modules/netlify-cli/node_modules/@netlify/zip-it-and-ship-it/node_modules/is-stream
169 silly REMOVE node_modules/netlify-cli/node_modules/@netlify/zip-it-and-ship-it/node_modules/execa
170 silly REMOVE node_modules/netlify-cli/node_modules/@netlify/zip-it-and-ship-it/node_modules/get-stream
171 silly REMOVE node_modules/netlify-cli/node_modules/@netlify/zip-it-and-ship-it/node_modules/human-signals
172 silly REMOVE node_modules/netlify-cli/node_modules/@netlify/runtime-utils
173 silly REMOVE node_modules/netlify-cli/node_modules/@netlify/plugins-list
174 silly REMOVE node_modules/netlify-cli/node_modules/@netlify/redirect-parser
175 silly REMOVE node_modules/netlify-cli/node_modules/@netlify/otel
176 silly REMOVE node_modules/netlify-cli/node_modules/@netlify/otel/node_modules/@opentelemetry/api
177 silly REMOVE node_modules/netlify-cli/node_modules/@netlify/run-utils
178 silly REMOVE node_modules/netlify-cli/node_modules/@netlify/run-utils/node_modules/strip-final-newline
179 silly REMOVE node_modules/netlify-cli/node_modules/@netlify/run-utils/node_modules/signal-exit
180 silly REMOVE node_modules/netlify-cli/node_modules/@netlify/run-utils/node_modules/npm-run-path
181 silly REMOVE node_modules/netlify-cli/node_modules/@netlify/run-utils/node_modules/onetime
182 silly REMOVE node_modules/netlify-cli/node_modules/@netlify/run-utils/node_modules/get-stream
183 silly REMOVE node_modules/netlify-cli/node_modules/@netlify/run-utils/node_modules/is-stream
184 silly REMOVE node_modules/netlify-cli/node_modules/@netlify/run-utils/node_modules/execa
185 silly REMOVE node_modules/netlify-cli/node_modules/@netlify/run-utils/node_modules/human-signals
186 silly REMOVE node_modules/netlify-cli/node_modules/@netlify/opentelemetry-utils
187 silly REMOVE node_modules/netlify-cli/node_modules/@netlify/open-api
188 silly REMOVE node_modules/netlify-cli/node_modules/@netlify/git-utils
189 silly REMOVE node_modules/netlify-cli/node_modules/@netlify/git-utils/node_modules/strip-final-newline
190 silly REMOVE node_modules/netlify-cli/node_modules/@netlify/git-utils/node_modules/onetime
191 silly REMOVE node_modules/netlify-cli/node_modules/@netlify/git-utils/node_modules/npm-run-path
192 silly REMOVE node_modules/netlify-cli/node_modules/@netlify/git-utils/node_modules/signal-exit
193 silly REMOVE node_modules/netlify-cli/node_modules/@netlify/git-utils/node_modules/is-stream
194 silly REMOVE node_modules/netlify-cli/node_modules/@netlify/git-utils/node_modules/get-stream
195 silly REMOVE node_modules/netlify-cli/node_modules/@netlify/git-utils/node_modules/execa
196 silly REMOVE node_modules/netlify-cli/node_modules/@netlify/git-utils/node_modules/human-signals
197 silly REMOVE node_modules/netlify-cli/node_modules/@netlify/dev-utils
198 silly REMOVE node_modules/netlify-cli/node_modules/@netlify/dev-utils/node_modules/uuid
199 silly REMOVE node_modules/netlify-cli/node_modules/@netlify/local-functions-proxy
200 silly REMOVE node_modules/netlify-cli/node_modules/@netlify/headers-parser
201 silly REMOVE node_modules/netlify-cli/node_modules/@netlify/functions-utils
202 silly REMOVE node_modules/netlify-cli/node_modules/@netlify/edge-functions-bootstrap
203 silly REMOVE node_modules/netlify-cli/node_modules/@netlify/edge-functions
204 silly REMOVE node_modules/netlify-cli/node_modules/@netlify/build-info
205 silly REMOVE node_modules/netlify-cli/node_modules/@netlify/cache-utils
206 silly REMOVE node_modules/netlify-cli/node_modules/@netlify/edge-bundler
207 silly REMOVE node_modules/netlify-cli/node_modules/@netlify/edge-bundler/node_modules/strip-final-newline
208 silly REMOVE node_modules/netlify-cli/node_modules/@netlify/edge-bundler/node_modules/signal-exit
209 silly REMOVE node_modules/netlify-cli/node_modules/@netlify/edge-bundler/node_modules/npm-run-path
210 silly REMOVE node_modules/netlify-cli/node_modules/@netlify/edge-bundler/node_modules/is-stream
211 silly REMOVE node_modules/netlify-cli/node_modules/@netlify/edge-bundler/node_modules/onetime
212 silly REMOVE node_modules/netlify-cli/node_modules/@netlify/edge-bundler/node_modules/get-port
213 silly REMOVE node_modules/netlify-cli/node_modules/@netlify/edge-bundler/node_modules/execa
214 silly REMOVE node_modules/netlify-cli/node_modules/@netlify/edge-bundler/node_modules/get-stream
215 silly REMOVE node_modules/netlify-cli/node_modules/@netlify/edge-bundler/node_modules/human-signals
216 silly REMOVE node_modules/netlify-cli/node_modules/@netlify/config
217 silly REMOVE node_modules/netlify-cli/node_modules/@netlify/config/node_modules/strip-final-newline
218 silly REMOVE node_modules/netlify-cli/node_modules/@netlify/config/node_modules/execa
219 silly REMOVE node_modules/netlify-cli/node_modules/@netlify/config/node_modules/onetime
220 silly REMOVE node_modules/netlify-cli/node_modules/@netlify/config/node_modules/npm-run-path
221 silly REMOVE node_modules/netlify-cli/node_modules/@netlify/config/node_modules/get-stream
222 silly REMOVE node_modules/netlify-cli/node_modules/@netlify/config/node_modules/is-stream
223 silly REMOVE node_modules/netlify-cli/node_modules/@netlify/config/node_modules/signal-exit
224 silly REMOVE node_modules/netlify-cli/node_modules/@netlify/config/node_modules/human-signals
225 silly REMOVE node_modules/netlify-cli/node_modules/@netlify/config/node_modules/zod
226 silly REMOVE node_modules/netlify-cli/node_modules/@img/sharp-linuxmusl-arm64
227 silly REMOVE node_modules/netlify-cli/node_modules/@mapbox/node-pre-gyp
228 silly REMOVE node_modules/netlify-cli/node_modules/@mapbox/node-pre-gyp/node_modules/node-fetch
229 silly REMOVE node_modules/netlify-cli/node_modules/@netlify/build
230 silly REMOVE node_modules/netlify-cli/node_modules/@netlify/build/node_modules/@sindresorhus/slugify
231 silly REMOVE node_modules/netlify-cli/node_modules/@netlify/build/node_modules/@netlify/blobs
232 silly REMOVE node_modules/netlify-cli/node_modules/@netlify/build/node_modules/@netlify/runtime-utils
233 silly REMOVE node_modules/netlify-cli/node_modules/@netlify/build/node_modules/strip-final-newline
234 silly REMOVE node_modules/netlify-cli/node_modules/@netlify/build/node_modules/is-stream
235 silly REMOVE node_modules/netlify-cli/node_modules/@netlify/build/node_modules/signal-exit
236 silly REMOVE node_modules/netlify-cli/node_modules/@netlify/build/node_modules/execa
237 silly REMOVE node_modules/netlify-cli/node_modules/@netlify/build/node_modules/onetime
238 silly REMOVE node_modules/netlify-cli/node_modules/@netlify/build/node_modules/npm-run-path
239 silly REMOVE node_modules/netlify-cli/node_modules/@netlify/build/node_modules/get-stream
240 silly REMOVE node_modules/netlify-cli/node_modules/@netlify/build/node_modules/human-signals
241 silly REMOVE node_modules/netlify-cli/node_modules/@netlify/blobs
242 silly REMOVE node_modules/netlify-cli/node_modules/@netlify/blobs/node_modules/@netlify/dev-utils
243 silly REMOVE node_modules/netlify-cli/node_modules/@netlify/binary-info
244 silly REMOVE node_modules/netlify-cli/node_modules/@inquirer/external-editor
245 silly REMOVE node_modules/netlify-cli/node_modules/@inquirer/external-editor/node_modules/iconv-lite
246 silly REMOVE node_modules/netlify-cli/node_modules/@netlify/ai
247 silly REMOVE node_modules/netlify-cli/node_modules/@jridgewell/sourcemap-codec
248 silly REMOVE node_modules/netlify-cli/node_modules/@netlify/api
249 silly REMOVE node_modules/netlify-cli/node_modules/@img/sharp-linux-s390x
250 silly REMOVE node_modules/netlify-cli/node_modules/@isaacs/fs-minipass
251 silly REMOVE node_modules/netlify-cli/node_modules/@lukeed/ms
252 silly REMOVE node_modules/netlify-cli/node_modules/@jridgewell/resolve-uri
253 silly REMOVE node_modules/netlify-cli/node_modules/@img/sharp-win32-ia32
254 silly REMOVE node_modules/netlify-cli/node_modules/@isaacs/cliui
255 silly REMOVE node_modules/netlify-cli/node_modules/@isaacs/cliui/node_modules/string-width
256 silly REMOVE node_modules/netlify-cli/node_modules/@isaacs/cliui/node_modules/emoji-regex
257 silly REMOVE node_modules/netlify-cli/node_modules/@isaacs/cliui/node_modules/wrap-ansi
258 silly REMOVE node_modules/netlify-cli/node_modules/@img/sharp-win32-x64
259 silly REMOVE node_modules/netlify-cli/node_modules/@img/sharp-libvips-linuxmusl-x64
260 silly REMOVE node_modules/netlify-cli/node_modules/@import-maps/resolve
261 silly REMOVE node_modules/netlify-cli/node_modules/@img/sharp-wasm32
262 silly REMOVE node_modules/netlify-cli/node_modules/@img/sharp-win32-arm64
263 silly REMOVE node_modules/netlify-cli/node_modules/@img/sharp-linux-arm64
264 silly REMOVE node_modules/netlify-cli/node_modules/@img/sharp-linux-x64
265 silly REMOVE node_modules/netlify-cli/node_modules/@img/sharp-libvips-linuxmusl-arm64
266 silly REMOVE node_modules/netlify-cli/node_modules/@img/sharp-linuxmusl-x64
267 silly REMOVE node_modules/netlify-cli/node_modules/@img/sharp-linux-arm
268 silly REMOVE node_modules/netlify-cli/node_modules/@img/sharp-libvips-linux-x64
269 silly REMOVE node_modules/netlify-cli/node_modules/@img/sharp-libvips-linux-arm64
270 silly REMOVE node_modules/netlify-cli/node_modules/@img/sharp-linux-ppc64
271 silly REMOVE node_modules/netlify-cli/node_modules/@img/sharp-libvips-linux-arm
272 silly REMOVE node_modules/netlify-cli/node_modules/@img/sharp-libvips-linux-s390x
273 silly REMOVE node_modules/netlify-cli/node_modules/@img/sharp-libvips-linux-ppc64
274 silly REMOVE node_modules/netlify-cli/node_modules/@img/sharp-libvips-darwin-x64
275 silly REMOVE node_modules/netlify-cli/node_modules/@img/sharp-libvips-darwin-arm64
276 silly REMOVE node_modules/netlify-cli/node_modules/@img/colour
277 silly REMOVE node_modules/netlify-cli/node_modules/@fastify/send
278 silly REMOVE node_modules/netlify-cli/node_modules/@img/sharp-darwin-x64
279 silly REMOVE node_modules/netlify-cli/node_modules/@fastify/merge-json-schemas
280 silly REMOVE node_modules/netlify-cli/node_modules/@fastify/fast-json-stringify-compiler
281 silly REMOVE node_modules/netlify-cli/node_modules/@img/sharp-darwin-arm64
282 silly REMOVE node_modules/netlify-cli/node_modules/@fastify/static
283 silly REMOVE node_modules/netlify-cli/node_modules/@iarna/toml
284 silly REMOVE node_modules/netlify-cli/node_modules/@humanwhocodes/momoa
285 silly REMOVE node_modules/netlify-cli/node_modules/@fastify/error
286 silly REMOVE node_modules/netlify-cli/node_modules/@esbuild/sunos-x64
287 silly REMOVE node_modules/netlify-cli/node_modules/@fastify/accept-negotiator
288 silly REMOVE node_modules/netlify-cli/node_modules/@fastify/busboy
289 silly REMOVE node_modules/netlify-cli/node_modules/@fastify/ajv-compiler
290 silly REMOVE node_modules/netlify-cli/node_modules/@fastify/ajv-compiler/node_modules/fast-uri
291 silly REMOVE node_modules/netlify-cli/node_modules/@esbuild/openharmony-arm64
292 silly REMOVE node_modules/netlify-cli/node_modules/@esbuild/win32-ia32
293 silly REMOVE node_modules/netlify-cli/node_modules/@esbuild/openbsd-x64
294 silly REMOVE node_modules/netlify-cli/node_modules/@esbuild/win32-x64
295 silly REMOVE node_modules/netlify-cli/node_modules/@esbuild/linux-s390x
296 silly REMOVE node_modules/netlify-cli/node_modules/@esbuild/win32-arm64
297 silly REMOVE node_modules/netlify-cli/node_modules/@esbuild/linux-x64
298 silly REMOVE node_modules/netlify-cli/node_modules/@esbuild/netbsd-x64
299 silly REMOVE node_modules/netlify-cli/node_modules/@esbuild/openbsd-arm64
300 silly REMOVE node_modules/netlify-cli/node_modules/@esbuild/netbsd-arm64
301 silly REMOVE node_modules/netlify-cli/node_modules/@esbuild/linux-ppc64
302 silly REMOVE node_modules/netlify-cli/node_modules/@esbuild/linux-arm64
303 silly REMOVE node_modules/netlify-cli/node_modules/@esbuild/linux-riscv64
304 silly REMOVE node_modules/netlify-cli/node_modules/@esbuild/linux-ia32
305 silly REMOVE node_modules/netlify-cli/node_modules/@esbuild/linux-loong64
306 silly REMOVE node_modules/netlify-cli/node_modules/@esbuild/darwin-arm64
307 silly REMOVE node_modules/netlify-cli/node_modules/@esbuild/linux-mips64el
308 silly REMOVE node_modules/netlify-cli/node_modules/@emnapi/runtime
309 silly REMOVE node_modules/netlify-cli/node_modules/@dependents/detective-less
310 silly REMOVE node_modules/netlify-cli/node_modules/@esbuild/linux-arm
311 silly REMOVE node_modules/netlify-cli/node_modules/@esbuild/freebsd-x64
312 silly REMOVE node_modules/netlify-cli/node_modules/@esbuild/freebsd-arm64
313 silly REMOVE node_modules/netlify-cli/node_modules/@esbuild/android-x64
314 silly REMOVE node_modules/netlify-cli/node_modules/@esbuild/darwin-x64
315 silly REMOVE node_modules/netlify-cli/node_modules/@esbuild/android-arm64
316 silly REMOVE node_modules/netlify-cli/node_modules/@esbuild/aix-ppc64
317 silly REMOVE node_modules/netlify-cli/node_modules/@esbuild/android-arm
318 silly REMOVE node_modules/netlify-cli/node_modules/@colors/colors
319 silly REMOVE node_modules/netlify-cli/node_modules/@dabh/diagnostics
320 silly REMOVE node_modules/netlify-cli/node_modules/@envelop/instrumentation
321 silly REMOVE node_modules/netlify-cli/node_modules/@cspotcode/source-map-support
322 silly REMOVE node_modules/netlify-cli/node_modules/@cspotcode/source-map-support/node_modules/@jridgewell/trace-mapping
323 silly REMOVE node_modules/netlify-cli/node_modules/@babel/parser
324 silly REMOVE node_modules/netlify-cli/node_modules/@bugsnag/node
325 silly REMOVE node_modules/netlify-cli/node_modules/@bugsnag/cuid
326 silly REMOVE node_modules/netlify-cli/node_modules/@bugsnag/core
327 silly REMOVE node_modules/netlify-cli/node_modules/@babel/helper-validator-identifier
328 silly REMOVE node_modules/netlify-cli/node_modules/@bugsnag/safe-json-stringify
329 silly REMOVE node_modules/netlify-cli/node_modules/@babel/types
330 silly REMOVE node_modules/netlify-cli/node_modules/@bugsnag/js
331 silly REMOVE node_modules/netlify-cli/node_modules/@babel/code-frame
332 silly REMOVE node_modules/netlify-cli/node_modules/@babel/helper-string-parser
333 silly REMOVE node_modules/netlify-cli/node_modules/@bugsnag/browser
334 silly REMOVE node_modules/netlify-cli/node_modules/zip-stream
335 silly REMOVE node_modules/netlify-cli/node_modules/yn
336 silly REMOVE node_modules/netlify-cli/node_modules/yocto-queue
337 silly REMOVE node_modules/netlify-cli/node_modules/zod
338 silly REMOVE node_modules/netlify-cli/node_modules/yauzl
339 silly REMOVE node_modules/netlify-cli/node_modules/yauzl/node_modules/buffer-crc32
340 silly REMOVE node_modules/netlify-cli/node_modules/y18n
341 silly REMOVE node_modules/netlify-cli/node_modules/yaml
342 silly REMOVE node_modules/netlify-cli/node_modules/yargs-parser
343 silly REMOVE node_modules/netlify-cli/node_modules/yargs
344 silly REMOVE node_modules/netlify-cli/node_modules/yargs/node_modules/strip-ansi
345 silly REMOVE node_modules/netlify-cli/node_modules/yargs/node_modules/string-width
346 silly REMOVE node_modules/netlify-cli/node_modules/yargs/node_modules/is-fullwidth-code-point
347 silly REMOVE node_modules/netlify-cli/node_modules/yargs/node_modules/ansi-regex
348 silly REMOVE node_modules/netlify-cli/node_modules/yargs/node_modules/emoji-regex
349 silly REMOVE node_modules/netlify-cli/node_modules/xtend
350 silly REMOVE node_modules/netlify-cli/node_modules/xss
351 silly REMOVE node_modules/netlify-cli/node_modules/xss/node_modules/commander
352 silly REMOVE node_modules/netlify-cli/node_modules/xdg-basedir
353 silly REMOVE node_modules/netlify-cli/node_modules/wsl-utils
354 silly REMOVE node_modules/netlify-cli/node_modules/ws
355 silly REMOVE node_modules/netlify-cli/node_modules/write-file-atomic
356 silly REMOVE node_modules/netlify-cli/node_modules/write-file-atomic/node_modules/signal-exit
357 silly REMOVE node_modules/netlify-cli/node_modules/winston-transport
358 silly REMOVE node_modules/netlify-cli/node_modules/winston-transport/node_modules/readable-stream
359 silly REMOVE node_modules/netlify-cli/node_modules/wrap-ansi-cjs
360 silly REMOVE node_modules/netlify-cli/node_modules/wrap-ansi-cjs/node_modules/emoji-regex
361 silly REMOVE node_modules/netlify-cli/node_modules/wrap-ansi-cjs/node_modules/ansi-regex
362 silly REMOVE node_modules/netlify-cli/node_modules/wrap-ansi-cjs/node_modules/strip-ansi
363 silly REMOVE node_modules/netlify-cli/node_modules/wrap-ansi-cjs/node_modules/is-fullwidth-code-point
364 silly REMOVE node_modules/netlify-cli/node_modules/wrap-ansi-cjs/node_modules/string-width
365 silly REMOVE node_modules/netlify-cli/node_modules/wrap-ansi-cjs/node_modules/color-convert
366 silly REMOVE node_modules/netlify-cli/node_modules/wrap-ansi-cjs/node_modules/ansi-styles
367 silly REMOVE node_modules/netlify-cli/node_modules/wrap-ansi
368 silly REMOVE node_modules/netlify-cli/node_modules/wrappy
369 silly REMOVE node_modules/netlify-cli/node_modules/which
370 silly REMOVE node_modules/netlify-cli/node_modules/which/node_modules/isexe
371 silly REMOVE node_modules/netlify-cli/node_modules/winston
372 silly REMOVE node_modules/netlify-cli/node_modules/winston/node_modules/readable-stream
373 silly REMOVE node_modules/netlify-cli/node_modules/winston/node_modules/is-stream
374 silly REMOVE node_modules/netlify-cli/node_modules/widest-line
375 silly REMOVE node_modules/netlify-cli/node_modules/windows-release
376 silly REMOVE node_modules/netlify-cli/node_modules/windows-release/node_modules/signal-exit
377 silly REMOVE node_modules/netlify-cli/node_modules/windows-release/node_modules/npm-run-path
378 silly REMOVE node_modules/netlify-cli/node_modules/windows-release/node_modules/is-stream
379 silly REMOVE node_modules/netlify-cli/node_modules/windows-release/node_modules/strip-final-newline
380 silly REMOVE node_modules/netlify-cli/node_modules/windows-release/node_modules/onetime
381 silly REMOVE node_modules/netlify-cli/node_modules/windows-release/node_modules/get-stream
382 silly REMOVE node_modules/netlify-cli/node_modules/windows-release/node_modules/execa
383 silly REMOVE node_modules/netlify-cli/node_modules/windows-release/node_modules/human-signals
384 silly REMOVE node_modules/netlify-cli/node_modules/web-streams-polyfill
385 silly REMOVE node_modules/netlify-cli/node_modules/whatwg-url
386 silly REMOVE node_modules/netlify-cli/node_modules/when-exit
387 silly REMOVE node_modules/netlify-cli/node_modules/wcwidth
388 silly REMOVE node_modules/netlify-cli/node_modules/validate-npm-package-name
389 silly REMOVE node_modules/netlify-cli/node_modules/validate-npm-package-license
390 silly REMOVE node_modules/netlify-cli/node_modules/webidl-conversions
391 silly REMOVE node_modules/netlify-cli/node_modules/v8-compile-cache-lib
392 silly REMOVE node_modules/netlify-cli/node_modules/uuid
393 silly REMOVE node_modules/netlify-cli/node_modules/vary
394 silly REMOVE node_modules/netlify-cli/node_modules/util-deprecate
395 silly REMOVE node_modules/netlify-cli/node_modules/utils-merge
396 silly REMOVE node_modules/netlify-cli/node_modules/urlpattern-polyfill
397 silly REMOVE node_modules/netlify-cli/node_modules/untun
398 silly REMOVE node_modules/netlify-cli/node_modules/untun/node_modules/pathe
399 silly REMOVE node_modules/netlify-cli/node_modules/update-notifier
400 silly REMOVE node_modules/netlify-cli/node_modules/uqr
401 silly REMOVE node_modules/netlify-cli/node_modules/untildify
402 silly REMOVE node_modules/netlify-cli/node_modules/unstorage
403 silly REMOVE node_modules/netlify-cli/node_modules/unstorage/node_modules/lru-cache
404 silly REMOVE node_modules/netlify-cli/node_modules/unix-dgram
405 silly REMOVE node_modules/netlify-cli/node_modules/unixify
406 silly REMOVE node_modules/netlify-cli/node_modules/unixify/node_modules/normalize-path
407 silly REMOVE node_modules/netlify-cli/node_modules/unpipe
408 silly REMOVE node_modules/netlify-cli/node_modules/unicorn-magic
409 silly REMOVE node_modules/netlify-cli/node_modules/undici-types
410 silly REMOVE node_modules/netlify-cli/node_modules/universal-user-agent
411 silly REMOVE node_modules/netlify-cli/node_modules/unbzip2-stream
412 silly REMOVE node_modules/netlify-cli/node_modules/uncrypto
413 silly REMOVE node_modules/netlify-cli/node_modules/ulid
414 silly REMOVE node_modules/netlify-cli/node_modules/typescript
415 silly REMOVE node_modules/netlify-cli/node_modules/uid-safe
416 silly REMOVE node_modules/netlify-cli/node_modules/ufo
417 silly REMOVE node_modules/netlify-cli/node_modules/tslib
418 silly REMOVE node_modules/netlify-cli/node_modules/type-fest
419 silly REMOVE node_modules/netlify-cli/node_modules/ts-node
420 silly REMOVE node_modules/netlify-cli/node_modules/type-is
421 silly REMOVE node_modules/netlify-cli/node_modules/triple-beam
422 silly REMOVE node_modules/netlify-cli/node_modules/trim-repeated
423 silly REMOVE node_modules/netlify-cli/node_modules/ts-api-utils
424 silly REMOVE node_modules/netlify-cli/node_modules/tomlify-j0.4
425 silly REMOVE node_modules/netlify-cli/node_modules/toidentifier
426 silly REMOVE node_modules/netlify-cli/node_modules/tr46
427 silly REMOVE node_modules/netlify-cli/node_modules/toml
428 silly REMOVE node_modules/netlify-cli/node_modules/toad-cache
429 silly REMOVE node_modules/netlify-cli/node_modules/token-types
430 silly REMOVE node_modules/netlify-cli/node_modules/tmp-promise
431 silly REMOVE node_modules/netlify-cli/node_modules/to-regex-range
432 silly REMOVE node_modules/netlify-cli/node_modules/tmp
433 silly REMOVE node_modules/netlify-cli/node_modules/thread-stream
434 silly REMOVE node_modules/netlify-cli/node_modules/through
435 silly REMOVE node_modules/netlify-cli/node_modules/through2
436 silly REMOVE node_modules/netlify-cli/node_modules/through2/node_modules/string_decoder
437 silly REMOVE node_modules/netlify-cli/node_modules/through2/node_modules/safe-buffer
438 silly REMOVE node_modules/netlify-cli/node_modules/through2/node_modules/readable-stream
439 silly REMOVE node_modules/netlify-cli/node_modules/tar-stream
440 silly REMOVE node_modules/netlify-cli/node_modules/text-decoder
441 silly REMOVE node_modules/netlify-cli/node_modules/text-hex
442 silly REMOVE node_modules/netlify-cli/node_modules/terminal-link
443 silly REMOVE node_modules/netlify-cli/node_modules/svgo
444 silly REMOVE node_modules/netlify-cli/node_modules/svgo/node_modules/commander
445 silly REMOVE node_modules/netlify-cli/node_modules/system-architecture
446 silly REMOVE node_modules/netlify-cli/node_modules/tar
447 silly REMOVE node_modules/netlify-cli/node_modules/tar/node_modules/yallist
448 silly REMOVE node_modules/netlify-cli/node_modules/supports-preserve-symlinks-flag
449 silly REMOVE node_modules/netlify-cli/node_modules/supports-hyperlinks
450 silly REMOVE node_modules/netlify-cli/node_modules/supports-hyperlinks/node_modules/supports-color
451 silly REMOVE node_modules/netlify-cli/node_modules/supports-color
452 silly REMOVE node_modules/netlify-cli/node_modules/stubborn-fs
453 silly REMOVE node_modules/netlify-cli/node_modules/strtok3
454 silly REMOVE node_modules/netlify-cli/node_modules/strip-dirs
455 silly REMOVE node_modules/netlify-cli/node_modules/strip-dirs/node_modules/is-plain-obj
456 silly REMOVE node_modules/netlify-cli/node_modules/strip-outer
457 silly REMOVE node_modules/netlify-cli/node_modules/strip-ansi
458 silly REMOVE node_modules/netlify-cli/node_modules/strip-final-newline
459 silly REMOVE node_modules/netlify-cli/node_modules/strip-ansi-cjs
460 silly REMOVE node_modules/netlify-cli/node_modules/strip-ansi-cjs/node_modules/ansi-regex
461 silly REMOVE node_modules/netlify-cli/node_modules/string_decoder
462 silly REMOVE node_modules/netlify-cli/node_modules/string-width-cjs
463 silly REMOVE node_modules/netlify-cli/node_modules/string-width-cjs/node_modules/is-fullwidth-code-point
464 silly REMOVE node_modules/netlify-cli/node_modules/string-width-cjs/node_modules/emoji-regex
465 silly REMOVE node_modules/netlify-cli/node_modules/string-width-cjs/node_modules/ansi-regex
466 silly REMOVE node_modules/netlify-cli/node_modules/string-width-cjs/node_modules/strip-ansi
467 silly REMOVE node_modules/netlify-cli/node_modules/string-width
468 silly REMOVE node_modules/netlify-cli/node_modules/streamx
469 silly REMOVE node_modules/netlify-cli/node_modules/statuses
470 silly REMOVE node_modules/netlify-cli/node_modules/std-env
471 silly REMOVE node_modules/netlify-cli/node_modules/stackframe
472 silly REMOVE node_modules/netlify-cli/node_modules/split2
473 silly REMOVE node_modules/netlify-cli/node_modules/stack-generator
474 silly REMOVE node_modules/netlify-cli/node_modules/stack-trace
475 silly REMOVE node_modules/netlify-cli/node_modules/source-map-js
476 silly REMOVE node_modules/netlify-cli/node_modules/spdx-license-ids
477 silly REMOVE node_modules/netlify-cli/node_modules/spdx-expression-parse
478 silly REMOVE node_modules/netlify-cli/node_modules/source-map-support
479 silly REMOVE node_modules/netlify-cli/node_modules/spdx-correct
480 silly REMOVE node_modules/netlify-cli/node_modules/source-map
481 silly REMOVE node_modules/netlify-cli/node_modules/spdx-exceptions
482 silly REMOVE node_modules/netlify-cli/node_modules/slow-redact
483 silly REMOVE node_modules/netlify-cli/node_modules/sonic-boom
484 silly REMOVE node_modules/netlify-cli/node_modules/sort-keys
485 silly REMOVE node_modules/netlify-cli/node_modules/sort-keys/node_modules/is-plain-obj
486 silly REMOVE node_modules/netlify-cli/node_modules/slice-ansi
487 silly REMOVE node_modules/netlify-cli/node_modules/slashes
488 silly REMOVE node_modules/netlify-cli/node_modules/sort-keys-length
489 silly REMOVE node_modules/netlify-cli/node_modules/signal-exit
490 silly REMOVE node_modules/netlify-cli/node_modules/slash
491 silly REMOVE node_modules/netlify-cli/node_modules/simple-swizzle
492 silly REMOVE node_modules/netlify-cli/node_modules/side-channel-map
493 silly REMOVE node_modules/netlify-cli/node_modules/side-channel-list
494 silly REMOVE node_modules/netlify-cli/node_modules/side-channel-weakmap
495 silly REMOVE node_modules/netlify-cli/node_modules/side-channel
496 silly REMOVE node_modules/netlify-cli/node_modules/sharp
497 silly REMOVE node_modules/netlify-cli/node_modules/setprototypeof
498 silly REMOVE node_modules/netlify-cli/node_modules/shebang-regex
499 silly REMOVE node_modules/netlify-cli/node_modules/set-error-message
500 silly REMOVE node_modules/netlify-cli/node_modules/shebang-command
501 silly REMOVE node_modules/netlify-cli/node_modules/serve-static
502 silly REMOVE node_modules/netlify-cli/node_modules/semver
503 silly REMOVE node_modules/netlify-cli/node_modules/set-cookie-parser
504 silly REMOVE node_modules/netlify-cli/node_modules/send
505 silly REMOVE node_modules/netlify-cli/node_modules/send/node_modules/encodeurl
506 silly REMOVE node_modules/netlify-cli/node_modules/send/node_modules/debug
507 silly REMOVE node_modules/netlify-cli/node_modules/send/node_modules/debug/node_modules/ms
508 silly REMOVE node_modules/netlify-cli/node_modules/send/node_modules/mime
509 silly REMOVE node_modules/netlify-cli/node_modules/seek-bzip
510 silly REMOVE node_modules/netlify-cli/node_modules/seek-bzip/node_modules/commander
511 silly REMOVE node_modules/netlify-cli/node_modules/secure-json-parse
512 silly REMOVE node_modules/netlify-cli/node_modules/safer-buffer
513 silly REMOVE node_modules/netlify-cli/node_modules/sax
514 silly REMOVE node_modules/netlify-cli/node_modules/safe-stable-stringify
515 silly REMOVE node_modules/netlify-cli/node_modules/safe-regex2
516 silly REMOVE node_modules/netlify-cli/node_modules/safe-json-stringify
517 silly REMOVE node_modules/netlify-cli/node_modules/safe-buffer
518 silly REMOVE node_modules/netlify-cli/node_modules/rxjs
519 silly REMOVE node_modules/netlify-cli/node_modules/run-applescript
520 silly REMOVE node_modules/netlify-cli/node_modules/run-parallel
521 silly REMOVE node_modules/netlify-cli/node_modules/reusify
522 silly REMOVE node_modules/netlify-cli/node_modules/rollup
523 silly REMOVE node_modules/netlify-cli/node_modules/rfdc
524 silly REMOVE node_modules/netlify-cli/node_modules/retry
525 silly REMOVE node_modules/netlify-cli/node_modules/run-async
526 silly REMOVE node_modules/netlify-cli/node_modules/resolve-from
527 silly REMOVE node_modules/netlify-cli/node_modules/restore-cursor
528 silly REMOVE node_modules/netlify-cli/node_modules/ret
529 silly REMOVE node_modules/netlify-cli/node_modules/resolve
530 silly REMOVE node_modules/netlify-cli/node_modules/responselike
531 silly REMOVE node_modules/netlify-cli/node_modules/resolve-alpn
532 silly REMOVE node_modules/netlify-cli/node_modules/requires-port
533 silly REMOVE node_modules/netlify-cli/node_modules/require-in-the-middle
534 silly REMOVE node_modules/netlify-cli/node_modules/require-in-the-middle/node_modules/resolve
535 silly REMOVE node_modules/netlify-cli/node_modules/require-package-name
536 silly REMOVE node_modules/netlify-cli/node_modules/require-directory
537 silly REMOVE node_modules/netlify-cli/node_modules/remove-trailing-separator
538 silly REMOVE node_modules/netlify-cli/node_modules/registry-auth-token
539 silly REMOVE node_modules/netlify-cli/node_modules/require-from-string
540 silly REMOVE node_modules/netlify-cli/node_modules/readdirp
541 silly REMOVE node_modules/netlify-cli/node_modules/registry-url
542 silly REMOVE node_modules/netlify-cli/node_modules/readdir-glob
543 silly REMOVE node_modules/netlify-cli/node_modules/readdir-glob/node_modules/minimatch
544 silly REMOVE node_modules/netlify-cli/node_modules/real-require
545 silly REMOVE node_modules/netlify-cli/node_modules/readable-web-to-node-stream
546 silly REMOVE node_modules/netlify-cli/node_modules/readable-stream
547 silly REMOVE node_modules/netlify-cli/node_modules/readable-stream/node_modules/buffer
548 silly REMOVE node_modules/netlify-cli/node_modules/read-pkg
549 silly REMOVE node_modules/netlify-cli/node_modules/read-pkg/node_modules/normalize-package-data
550 silly REMOVE node_modules/netlify-cli/node_modules/read-pkg/node_modules/lru-cache
551 silly REMOVE node_modules/netlify-cli/node_modules/read-pkg/node_modules/hosted-git-info
552 silly REMOVE node_modules/netlify-cli/node_modules/read-package-up
553 silly REMOVE node_modules/netlify-cli/node_modules/raw-body
554 silly REMOVE node_modules/netlify-cli/node_modules/raw-body/node_modules/iconv-lite
555 silly REMOVE node_modules/netlify-cli/node_modules/rc
556 silly REMOVE node_modules/netlify-cli/node_modules/rc/node_modules/strip-json-comments
557 silly REMOVE node_modules/netlify-cli/node_modules/range-parser
558 silly REMOVE node_modules/netlify-cli/node_modules/random-bytes
559 silly REMOVE node_modules/netlify-cli/node_modules/quick-format-unescaped
560 silly REMOVE node_modules/netlify-cli/node_modules/quick-lru
561 silly REMOVE node_modules/netlify-cli/node_modules/radix3
562 silly REMOVE node_modules/netlify-cli/node_modules/quote-unquote
563 silly REMOVE node_modules/netlify-cli/node_modules/qs
564 silly REMOVE node_modules/netlify-cli/node_modules/queue-microtask
565 silly REMOVE node_modules/netlify-cli/node_modules/pupa
566 silly REMOVE node_modules/netlify-cli/node_modules/ps-list
567 silly REMOVE node_modules/netlify-cli/node_modules/proxy-addr
568 silly REMOVE node_modules/netlify-cli/node_modules/process-warning
569 silly REMOVE node_modules/netlify-cli/node_modules/pump
570 silly REMOVE node_modules/netlify-cli/node_modules/proto-list
571 silly REMOVE node_modules/netlify-cli/node_modules/prettyjson
572 silly REMOVE node_modules/netlify-cli/node_modules/process
573 silly REMOVE node_modules/netlify-cli/node_modules/pretty-ms
574 silly REMOVE node_modules/netlify-cli/node_modules/precinct
575 silly REMOVE node_modules/netlify-cli/node_modules/process-nextick-args
576 silly REMOVE node_modules/netlify-cli/node_modules/precond
577 silly REMOVE node_modules/netlify-cli/node_modules/postcss
578 silly REMOVE node_modules/netlify-cli/node_modules/postcss-values-parser
579 silly REMOVE node_modules/netlify-cli/node_modules/pino
580 silly REMOVE node_modules/netlify-cli/node_modules/pino/node_modules/process-warning
581 silly REMOVE node_modules/netlify-cli/node_modules/pino-std-serializers
582 silly REMOVE node_modules/netlify-cli/node_modules/pkg-types
583 silly REMOVE node_modules/netlify-cli/node_modules/pino-abstract-transport
584 silly REMOVE node_modules/netlify-cli/node_modules/pino-abstract-transport/node_modules/split2
585 silly REMOVE node_modules/netlify-cli/node_modules/picomatch
586 silly REMOVE node_modules/netlify-cli/node_modules/picocolors
587 silly REMOVE node_modules/netlify-cli/node_modules/pathe
588 silly REMOVE node_modules/netlify-cli/node_modules/picoquery
589 silly REMOVE node_modules/netlify-cli/node_modules/peek-readable
590 silly REMOVE node_modules/netlify-cli/node_modules/path-type
591 silly REMOVE node_modules/netlify-cli/node_modules/path-scurry
592 silly REMOVE node_modules/netlify-cli/node_modules/path-scurry/node_modules/lru-cache
593 silly REMOVE node_modules/netlify-cli/node_modules/pend
594 silly REMOVE node_modules/netlify-cli/node_modules/path-parse
595 silly REMOVE node_modules/netlify-cli/node_modules/path-key
596 silly REMOVE node_modules/netlify-cli/node_modules/path-to-regexp
597 silly REMOVE node_modules/netlify-cli/node_modules/path-exists
598 silly REMOVE node_modules/netlify-cli/node_modules/parse-json
599 silly REMOVE node_modules/netlify-cli/node_modules/parse-ms
600 silly REMOVE node_modules/netlify-cli/node_modules/parseurl
601 silly REMOVE node_modules/netlify-cli/node_modules/parse-imports
602 silly REMOVE node_modules/netlify-cli/node_modules/parse-github-url
603 silly REMOVE node_modules/netlify-cli/node_modules/parse-gitignore
604 silly REMOVE node_modules/netlify-cli/node_modules/package-json-from-dist
605 silly REMOVE node_modules/netlify-cli/node_modules/package-json
606 silly REMOVE node_modules/netlify-cli/node_modules/p-retry
607 silly REMOVE node_modules/netlify-cli/node_modules/package-directory
608 silly REMOVE node_modules/netlify-cli/node_modules/parallel-transform
609 silly REMOVE node_modules/netlify-cli/node_modules/parallel-transform/node_modules/safe-buffer
610 silly REMOVE node_modules/netlify-cli/node_modules/parallel-transform/node_modules/string_decoder
611 silly REMOVE node_modules/netlify-cli/node_modules/parallel-transform/node_modules/readable-stream
612 silly REMOVE node_modules/netlify-cli/node_modules/p-wait-for
613 silly REMOVE node_modules/netlify-cli/node_modules/p-wait-for/node_modules/p-timeout
614 silly REMOVE node_modules/netlify-cli/node_modules/p-reduce
615 silly REMOVE node_modules/netlify-cli/node_modules/p-map
616 silly REMOVE node_modules/netlify-cli/node_modules/p-locate
617 silly REMOVE node_modules/netlify-cli/node_modules/p-limit
618 silly REMOVE node_modules/netlify-cli/node_modules/p-filter
619 silly REMOVE node_modules/netlify-cli/node_modules/p-cancelable
620 silly REMOVE node_modules/netlify-cli/node_modules/p-event
621 silly REMOVE node_modules/netlify-cli/node_modules/p-event/node_modules/p-timeout
622 silly REMOVE node_modules/netlify-cli/node_modules/ora
623 silly REMOVE node_modules/netlify-cli/node_modules/ora/node_modules/supports-color
624 silly REMOVE node_modules/netlify-cli/node_modules/ora/node_modules/is-unicode-supported
625 silly REMOVE node_modules/netlify-cli/node_modules/ora/node_modules/color-convert
626 silly REMOVE node_modules/netlify-cli/node_modules/ora/node_modules/strip-ansi
627 silly REMOVE node_modules/netlify-cli/node_modules/ora/node_modules/chalk
628 silly REMOVE node_modules/netlify-cli/node_modules/ora/node_modules/ansi-styles
629 silly REMOVE node_modules/netlify-cli/node_modules/ora/node_modules/ansi-regex
630 silly REMOVE node_modules/netlify-cli/node_modules/os-name
631 silly REMOVE node_modules/netlify-cli/node_modules/onetime
632 silly REMOVE node_modules/netlify-cli/node_modules/onetime/node_modules/mimic-fn
633 silly REMOVE node_modules/netlify-cli/node_modules/open
634 silly REMOVE node_modules/netlify-cli/node_modules/on-headers
635 silly REMOVE node_modules/netlify-cli/node_modules/on-finished
636 silly REMOVE node_modules/netlify-cli/node_modules/one-time
637 silly REMOVE node_modules/netlify-cli/node_modules/omit.js
638 silly REMOVE node_modules/netlify-cli/node_modules/on-exit-leak-free
639 silly REMOVE node_modules/netlify-cli/node_modules/once
640 silly REMOVE node_modules/netlify-cli/node_modules/ofetch
641 silly REMOVE node_modules/netlify-cli/node_modules/object-inspect
642 silly REMOVE node_modules/netlify-cli/node_modules/nth-check
643 silly REMOVE node_modules/netlify-cli/node_modules/npm-run-path
644 silly REMOVE node_modules/netlify-cli/node_modules/npm-run-path/node_modules/path-key
645 silly REMOVE node_modules/netlify-cli/node_modules/normalize-path
646 silly REMOVE node_modules/netlify-cli/node_modules/normalize-url
647 silly REMOVE node_modules/netlify-cli/node_modules/normalize-package-data
648 silly REMOVE node_modules/netlify-cli/node_modules/normalize-exception
649 silly REMOVE node_modules/netlify-cli/node_modules/nopt
650 silly REMOVE node_modules/netlify-cli/node_modules/node-stream-zip
651 silly REMOVE node_modules/netlify-cli/node_modules/node-mock-http
652 silly REMOVE node_modules/netlify-cli/node_modules/node-gyp-build
653 silly REMOVE node_modules/netlify-cli/node_modules/node-source-walk
654 silly REMOVE node_modules/netlify-cli/node_modules/node-fetch-native
655 silly REMOVE node_modules/netlify-cli/node_modules/node-forge
656 silly REMOVE node_modules/netlify-cli/node_modules/node-fetch
657 silly REMOVE node_modules/netlify-cli/node_modules/node-domexception
658 silly REMOVE node_modules/netlify-cli/node_modules/node-addon-api
659 silly REMOVE node_modules/netlify-cli/node_modules/negotiator
660 silly REMOVE node_modules/netlify-cli/node_modules/nanoid
661 silly REMOVE node_modules/netlify-cli/node_modules/netlify-redirector
662 silly REMOVE node_modules/netlify-cli/node_modules/nan
663 silly REMOVE node_modules/netlify-cli/node_modules/multiparty
664 silly REMOVE node_modules/netlify-cli/node_modules/multiparty/node_modules/depd
665 silly REMOVE node_modules/netlify-cli/node_modules/multiparty/node_modules/statuses
666 silly REMOVE node_modules/netlify-cli/node_modules/multiparty/node_modules/http-errors
667 silly REMOVE node_modules/netlify-cli/node_modules/nanospinner
668 silly REMOVE node_modules/netlify-cli/node_modules/move-file
669 silly REMOVE node_modules/netlify-cli/node_modules/ms
670 silly REMOVE node_modules/netlify-cli/node_modules/moize
671 silly REMOVE node_modules/netlify-cli/node_modules/mute-stream
672 silly REMOVE node_modules/netlify-cli/node_modules/module-definition
673 silly REMOVE node_modules/netlify-cli/node_modules/module-details-from-path
674 silly REMOVE node_modules/netlify-cli/node_modules/mlly
675 silly REMOVE node_modules/netlify-cli/node_modules/minizlib
676 silly REMOVE node_modules/netlify-cli/node_modules/minimist
677 silly REMOVE node_modules/netlify-cli/node_modules/minipass
678 silly REMOVE node_modules/netlify-cli/node_modules/minimatch
679 silly REMOVE node_modules/netlify-cli/node_modules/mimic-response
680 silly REMOVE node_modules/netlify-cli/node_modules/mimic-fn
681 silly REMOVE node_modules/netlify-cli/node_modules/mimic-function
682 silly REMOVE node_modules/netlify-cli/node_modules/mime-types
683 silly REMOVE node_modules/netlify-cli/node_modules/mime-types/node_modules/mime-db
684 silly REMOVE node_modules/netlify-cli/node_modules/micromatch
685 silly REMOVE node_modules/netlify-cli/node_modules/micromatch/node_modules/picomatch
686 silly REMOVE node_modules/netlify-cli/node_modules/mime
687 silly REMOVE node_modules/netlify-cli/node_modules/mime-db
688 silly REMOVE node_modules/netlify-cli/node_modules/merge2
689 silly REMOVE node_modules/netlify-cli/node_modules/micro-memoize
690 silly REMOVE node_modules/netlify-cli/node_modules/merge-options
691 silly REMOVE node_modules/netlify-cli/node_modules/merge-options/node_modules/is-plain-obj
692 silly REMOVE node_modules/netlify-cli/node_modules/methods
693 silly REMOVE node_modules/netlify-cli/node_modules/merge-descriptors
694 silly REMOVE node_modules/netlify-cli/node_modules/merge-stream
695 silly REMOVE node_modules/netlify-cli/node_modules/media-typer
696 silly REMOVE node_modules/netlify-cli/node_modules/maxstache-stream
697 silly REMOVE node_modules/netlify-cli/node_modules/maxstache-stream/node_modules/pump
698 silly REMOVE node_modules/netlify-cli/node_modules/memoize-one
699 silly REMOVE node_modules/netlify-cli/node_modules/mdn-data
700 silly REMOVE node_modules/netlify-cli/node_modules/math-intrinsics
701 silly REMOVE node_modules/netlify-cli/node_modules/log-update
702 silly REMOVE node_modules/netlify-cli/node_modules/log-update/node_modules/signal-exit
703 silly REMOVE node_modules/netlify-cli/node_modules/log-update/node_modules/restore-cursor
704 silly REMOVE node_modules/netlify-cli/node_modules/log-update/node_modules/cli-cursor
705 silly REMOVE node_modules/netlify-cli/node_modules/log-update/node_modules/onetime
706 silly REMOVE node_modules/netlify-cli/node_modules/map-obj
707 silly REMOVE node_modules/netlify-cli/node_modules/maxstache
708 silly REMOVE node_modules/netlify-cli/node_modules/make-error
709 silly REMOVE node_modules/netlify-cli/node_modules/make-dir
710 silly REMOVE node_modules/netlify-cli/node_modules/magic-string
711 silly REMOVE node_modules/netlify-cli/node_modules/lowercase-keys
712 silly REMOVE node_modules/netlify-cli/node_modules/macos-release
713 silly REMOVE node_modules/netlify-cli/node_modules/logform
714 silly REMOVE node_modules/netlify-cli/node_modules/luxon
715 silly REMOVE node_modules/netlify-cli/node_modules/log-symbols
716 silly REMOVE node_modules/netlify-cli/node_modules/log-symbols/node_modules/is-unicode-supported
717 silly REMOVE node_modules/netlify-cli/node_modules/log-symbols/node_modules/supports-color
718 silly REMOVE node_modules/netlify-cli/node_modules/log-symbols/node_modules/chalk
719 silly REMOVE node_modules/netlify-cli/node_modules/log-symbols/node_modules/color-convert
720 silly REMOVE node_modules/netlify-cli/node_modules/log-symbols/node_modules/ansi-styles
721 silly REMOVE node_modules/netlify-cli/node_modules/log-process-errors
722 silly REMOVE node_modules/netlify-cli/node_modules/lodash.transform
723 silly REMOVE node_modules/netlify-cli/node_modules/lodash
724 silly REMOVE node_modules/netlify-cli/node_modules/lodash.isplainobject
725 silly REMOVE node_modules/netlify-cli/node_modules/lodash.once
726 silly REMOVE node_modules/netlify-cli/node_modules/lodash.isstring
727 silly REMOVE node_modules/netlify-cli/node_modules/lodash.isempty
728 silly REMOVE node_modules/netlify-cli/node_modules/lodash.isnumber
729 silly REMOVE node_modules/netlify-cli/node_modules/lodash.isinteger
730 silly REMOVE node_modules/netlify-cli/node_modules/lodash.includes
731 silly REMOVE node_modules/netlify-cli/node_modules/listhen
732 silly REMOVE node_modules/netlify-cli/node_modules/listhen/node_modules/pathe
733 silly REMOVE node_modules/netlify-cli/node_modules/lodash.isboolean
734 silly REMOVE node_modules/netlify-cli/node_modules/light-my-request
735 silly REMOVE node_modules/netlify-cli/node_modules/light-my-request/node_modules/cookie
736 silly REMOVE node_modules/netlify-cli/node_modules/json-schema-ref-resolver
737 silly REMOVE node_modules/netlify-cli/node_modules/locate-path
738 silly REMOVE node_modules/netlify-cli/node_modules/leven
739 silly REMOVE node_modules/netlify-cli/node_modules/lazystream
740 silly REMOVE node_modules/netlify-cli/node_modules/lazystream/node_modules/string_decoder
741 silly REMOVE node_modules/netlify-cli/node_modules/lazystream/node_modules/safe-buffer
742 silly REMOVE node_modules/netlify-cli/node_modules/lazystream/node_modules/readable-stream
743 silly REMOVE node_modules/netlify-cli/node_modules/lambda-local
744 silly REMOVE node_modules/netlify-cli/node_modules/lambda-local/node_modules/dotenv
745 silly REMOVE node_modules/netlify-cli/node_modules/lambda-local/node_modules/commander
746 silly REMOVE node_modules/netlify-cli/node_modules/latest-version
747 silly REMOVE node_modules/netlify-cli/node_modules/ky
748 silly REMOVE node_modules/netlify-cli/node_modules/kuler
749 silly REMOVE node_modules/netlify-cli/node_modules/kind-of
750 silly REMOVE node_modules/netlify-cli/node_modules/js-tokens
751 silly REMOVE node_modules/netlify-cli/node_modules/keep-func-props
752 silly REMOVE node_modules/netlify-cli/node_modules/keyv
753 silly REMOVE node_modules/netlify-cli/node_modules/jws
754 silly REMOVE node_modules/netlify-cli/node_modules/jwt-decode
755 silly REMOVE node_modules/netlify-cli/node_modules/jwa
756 silly REMOVE node_modules/netlify-cli/node_modules/junk
757 silly REMOVE node_modules/netlify-cli/node_modules/jsonwebtoken
758 silly REMOVE node_modules/netlify-cli/node_modules/jsonpointer
759 silly REMOVE node_modules/netlify-cli/node_modules/json-schema-traverse
760 silly REMOVE node_modules/netlify-cli/node_modules/json-buffer
761 silly REMOVE node_modules/netlify-cli/node_modules/jpeg-js
762 silly REMOVE node_modules/netlify-cli/node_modules/jiti
763 silly REMOVE node_modules/netlify-cli/node_modules/js-image-generator
764 silly REMOVE node_modules/netlify-cli/node_modules/jackspeak
765 silly REMOVE node_modules/netlify-cli/node_modules/isexe
766 silly REMOVE node_modules/netlify-cli/node_modules/iserror
767 silly REMOVE node_modules/netlify-cli/node_modules/isarray
768 silly REMOVE node_modules/netlify-cli/node_modules/is-wsl
769 silly REMOVE node_modules/netlify-cli/node_modules/is64bit
770 silly REMOVE node_modules/netlify-cli/node_modules/is-extglob
771 silly REMOVE node_modules/netlify-cli/node_modules/is-url-superb
772 silly REMOVE node_modules/netlify-cli/node_modules/is-unicode-supported
773 silly REMOVE node_modules/netlify-cli/node_modules/is-stream
774 silly REMOVE node_modules/netlify-cli/node_modules/is-url
775 silly REMOVE node_modules/netlify-cli/node_modules/is-plain-obj
776 silly REMOVE node_modules/netlify-cli/node_modules/is-path-inside
777 silly REMOVE node_modules/netlify-cli/node_modules/is-number
778 silly REMOVE node_modules/netlify-cli/node_modules/is-network-error
779 silly REMOVE node_modules/netlify-cli/node_modules/is-npm
780 silly REMOVE node_modules/netlify-cli/node_modules/is-interactive
781 silly REMOVE node_modules/netlify-cli/node_modules/is-installed-globally
782 silly REMOVE node_modules/netlify-cli/node_modules/is-inside-container
783 silly REMOVE node_modules/netlify-cli/node_modules/is-in-ci
784 silly REMOVE node_modules/netlify-cli/node_modules/is-glob
785 silly REMOVE node_modules/netlify-cli/node_modules/is-fullwidth-code-point
786 silly REMOVE node_modules/netlify-cli/node_modules/is-docker
787 silly REMOVE node_modules/netlify-cli/node_modules/ipx
788 silly REMOVE node_modules/netlify-cli/node_modules/ipx/node_modules/@fastify/accept-negotiator
789 silly REMOVE node_modules/netlify-cli/node_modules/is-error-instance
790 silly REMOVE node_modules/netlify-cli/node_modules/is-core-module
791 silly REMOVE node_modules/netlify-cli/node_modules/ipaddr.js
792 silly REMOVE node_modules/netlify-cli/node_modules/iron-webcrypto
793 silly REMOVE node_modules/netlify-cli/node_modules/is-arrayish
794 silly REMOVE node_modules/netlify-cli/node_modules/inspect-with-kind
795 silly REMOVE node_modules/netlify-cli/node_modules/inquirer-autocomplete-prompt
796 silly REMOVE node_modules/netlify-cli/node_modules/inquirer-autocomplete-prompt/node_modules/color-convert
797 silly REMOVE node_modules/netlify-cli/node_modules/inquirer-autocomplete-prompt/node_modules/type-fest
798 silly REMOVE node_modules/netlify-cli/node_modules/inquirer-autocomplete-prompt/node_modules/tslib
799 silly REMOVE node_modules/netlify-cli/node_modules/inquirer-autocomplete-prompt/node_modules/figures
800 silly REMOVE node_modules/netlify-cli/node_modules/inquirer-autocomplete-prompt/node_modules/escape-string-regexp
801 silly REMOVE node_modules/netlify-cli/node_modules/inquirer-autocomplete-prompt/node_modules/supports-color
802 silly REMOVE node_modules/netlify-cli/node_modules/inquirer-autocomplete-prompt/node_modules/ansi-escapes
803 silly REMOVE node_modules/netlify-cli/node_modules/inquirer-autocomplete-prompt/node_modules/ansi-styles
804 silly REMOVE node_modules/netlify-cli/node_modules/inquirer-autocomplete-prompt/node_modules/chalk
805 silly REMOVE node_modules/netlify-cli/node_modules/inquirer-autocomplete-prompt/node_modules/rxjs
806 silly REMOVE node_modules/netlify-cli/node_modules/inquirer
807 silly REMOVE node_modules/netlify-cli/node_modules/inquirer/node_modules/supports-color
808 silly REMOVE node_modules/netlify-cli/node_modules/inquirer/node_modules/type-fest
809 silly REMOVE node_modules/netlify-cli/node_modules/inquirer/node_modules/wrap-ansi
810 silly REMOVE node_modules/netlify-cli/node_modules/inquirer/node_modules/is-fullwidth-code-point
811 silly REMOVE node_modules/netlify-cli/node_modules/inquirer/node_modules/chalk
812 silly REMOVE node_modules/netlify-cli/node_modules/inquirer/node_modules/strip-ansi
813 silly REMOVE node_modules/netlify-cli/node_modules/inquirer/node_modules/emoji-regex
814 silly REMOVE node_modules/netlify-cli/node_modules/inquirer/node_modules/figures
815 silly REMOVE node_modules/netlify-cli/node_modules/inquirer/node_modules/escape-string-regexp
816 silly REMOVE node_modules/netlify-cli/node_modules/inquirer/node_modules/color-convert
817 silly REMOVE node_modules/netlify-cli/node_modules/inquirer/node_modules/string-width
818 silly REMOVE node_modules/netlify-cli/node_modules/inquirer/node_modules/ansi-regex
819 silly REMOVE node_modules/netlify-cli/node_modules/inquirer/node_modules/ansi-escapes
820 silly REMOVE node_modules/netlify-cli/node_modules/inquirer/node_modules/ansi-styles
821 silly REMOVE node_modules/netlify-cli/node_modules/inherits
822 silly REMOVE node_modules/netlify-cli/node_modules/ini
823 silly REMOVE node_modules/netlify-cli/node_modules/image-size
824 silly REMOVE node_modules/netlify-cli/node_modules/image-meta
825 silly REMOVE node_modules/netlify-cli/node_modules/index-to-position
826 silly REMOVE node_modules/netlify-cli/node_modules/indent-string
827 silly REMOVE node_modules/netlify-cli/node_modules/import-in-the-middle
828 silly REMOVE node_modules/netlify-cli/node_modules/imurmurhash
829 silly REMOVE node_modules/netlify-cli/node_modules/ieee754
830 silly REMOVE node_modules/netlify-cli/node_modules/http2-wrapper
831 silly REMOVE node_modules/netlify-cli/node_modules/https-proxy-agent
832 silly REMOVE node_modules/netlify-cli/node_modules/human-signals
833 silly REMOVE node_modules/netlify-cli/node_modules/http-proxy
834 silly REMOVE node_modules/netlify-cli/node_modules/http-shutdown
835 silly REMOVE node_modules/netlify-cli/node_modules/http-errors
836 silly REMOVE node_modules/netlify-cli/node_modules/http-proxy-middleware
837 silly REMOVE node_modules/netlify-cli/node_modules/http-proxy-middleware/node_modules/is-plain-obj
838 silly REMOVE node_modules/netlify-cli/node_modules/hasown
839 silly REMOVE node_modules/netlify-cli/node_modules/hot-shots
840 silly REMOVE node_modules/netlify-cli/node_modules/http-cache-semantics
841 silly REMOVE node_modules/netlify-cli/node_modules/has-symbols
842 silly REMOVE node_modules/netlify-cli/node_modules/h3
843 silly REMOVE node_modules/netlify-cli/node_modules/has-flag
844 silly REMOVE node_modules/netlify-cli/node_modules/hosted-git-info
845 silly REMOVE node_modules/netlify-cli/node_modules/hosted-git-info/node_modules/lru-cache
846 silly REMOVE node_modules/netlify-cli/node_modules/gopd
847 silly REMOVE node_modules/netlify-cli/node_modules/gonzales-pe
848 silly REMOVE node_modules/netlify-cli/node_modules/graceful-fs
849 silly REMOVE node_modules/netlify-cli/node_modules/got
850 silly REMOVE node_modules/netlify-cli/node_modules/got/node_modules/get-stream
851 silly REMOVE node_modules/netlify-cli/node_modules/globby
852 silly REMOVE node_modules/netlify-cli/node_modules/globby/node_modules/unicorn-magic
853 silly REMOVE node_modules/netlify-cli/node_modules/globby/node_modules/ignore
854 silly REMOVE node_modules/netlify-cli/node_modules/global-directory
855 silly REMOVE node_modules/netlify-cli/node_modules/global-directory/node_modules/ini
856 silly REMOVE node_modules/netlify-cli/node_modules/git-repo-info
857 silly REMOVE node_modules/netlify-cli/node_modules/gitconfiglocal
858 silly REMOVE node_modules/netlify-cli/node_modules/glob
859 silly REMOVE node_modules/netlify-cli/node_modules/get-proto
860 silly REMOVE node_modules/netlify-cli/node_modules/gh-release-fetch
861 silly REMOVE node_modules/netlify-cli/node_modules/get-port-please
862 silly REMOVE node_modules/netlify-cli/node_modules/get-stream
863 silly REMOVE node_modules/netlify-cli/node_modules/get-port
864 silly REMOVE node_modules/netlify-cli/node_modules/get-caller-file
865 silly REMOVE node_modules/netlify-cli/node_modules/get-intrinsic
866 silly REMOVE node_modules/netlify-cli/node_modules/get-east-asian-width
867 silly REMOVE node_modules/netlify-cli/node_modules/fuzzy
868 silly REMOVE node_modules/netlify-cli/node_modules/get-amd-module-type
869 silly REMOVE node_modules/netlify-cli/node_modules/function-bind
870 silly REMOVE node_modules/netlify-cli/node_modules/fsevents
871 silly REMOVE node_modules/netlify-cli/node_modules/forwarded
872 silly REMOVE node_modules/netlify-cli/node_modules/formdata-polyfill
873 silly REMOVE node_modules/netlify-cli/node_modules/from2
874 silly REMOVE node_modules/netlify-cli/node_modules/from2/node_modules/string_decoder
875 silly REMOVE node_modules/netlify-cli/node_modules/from2/node_modules/safe-buffer
876 silly REMOVE node_modules/netlify-cli/node_modules/from2/node_modules/readable-stream
877 silly REMOVE node_modules/netlify-cli/node_modules/folder-walker
878 silly REMOVE node_modules/netlify-cli/node_modules/form-data-encoder
879 silly REMOVE node_modules/netlify-cli/node_modules/fresh
880 silly REMOVE node_modules/netlify-cli/node_modules/foreground-child
881 silly REMOVE node_modules/netlify-cli/node_modules/foreground-child/node_modules/signal-exit
882 silly REMOVE node_modules/netlify-cli/node_modules/fn.name
883 silly REMOVE node_modules/netlify-cli/node_modules/follow-redirects
884 silly REMOVE node_modules/netlify-cli/node_modules/find-up-simple
885 silly REMOVE node_modules/netlify-cli/node_modules/finalhandler
886 silly REMOVE node_modules/netlify-cli/node_modules/finalhandler/node_modules/ms
887 silly REMOVE node_modules/netlify-cli/node_modules/finalhandler/node_modules/debug
888 silly REMOVE node_modules/netlify-cli/node_modules/find-my-way
889 silly REMOVE node_modules/netlify-cli/node_modules/find-up
890 silly REMOVE node_modules/netlify-cli/node_modules/filter-obj
891 silly REMOVE node_modules/netlify-cli/node_modules/filename-reserved-regex
892 silly REMOVE node_modules/netlify-cli/node_modules/fill-range
893 silly REMOVE node_modules/netlify-cli/node_modules/filenamify
894 silly REMOVE node_modules/netlify-cli/node_modules/file-uri-to-path
895 silly REMOVE node_modules/netlify-cli/node_modules/figures
896 silly REMOVE node_modules/netlify-cli/node_modules/fetch-blob
897 silly REMOVE node_modules/netlify-cli/node_modules/file-type
898 silly REMOVE node_modules/netlify-cli/node_modules/fecha
899 silly REMOVE node_modules/netlify-cli/node_modules/fastq
900 silly REMOVE node_modules/netlify-cli/node_modules/fd-slicer
901 silly REMOVE node_modules/netlify-cli/node_modules/fdir
902 silly REMOVE node_modules/netlify-cli/node_modules/fastify-plugin
903 silly REMOVE node_modules/netlify-cli/node_modules/fast-uri
904 silly REMOVE node_modules/netlify-cli/node_modules/fastify
905 silly REMOVE node_modules/netlify-cli/node_modules/fastify/node_modules/fast-content-type-parse
906 silly REMOVE node_modules/netlify-cli/node_modules/fast-safe-stringify
907 silly REMOVE node_modules/netlify-cli/node_modules/fastest-levenshtein
908 silly REMOVE node_modules/netlify-cli/node_modules/fast-decode-uri-component
909 silly REMOVE node_modules/netlify-cli/node_modules/fast-querystring
910 silly REMOVE node_modules/netlify-cli/node_modules/fast-json-stringify
911 silly REMOVE node_modules/netlify-cli/node_modules/fast-json-stringify/node_modules/fast-uri
912 silly REMOVE node_modules/netlify-cli/node_modules/fast-json-stringify/node_modules/ajv-formats
913 silly REMOVE node_modules/netlify-cli/node_modules/fast-deep-equal
914 silly REMOVE node_modules/netlify-cli/node_modules/fast-glob
915 silly REMOVE node_modules/netlify-cli/node_modules/fast-glob/node_modules/glob-parent
916 silly REMOVE node_modules/netlify-cli/node_modules/fast-fifo
917 silly REMOVE node_modules/netlify-cli/node_modules/fast-content-type-parse
918 silly REMOVE node_modules/netlify-cli/node_modules/fast-equals
919 silly REMOVE node_modules/netlify-cli/node_modules/events-universal
920 silly REMOVE node_modules/netlify-cli/node_modules/extract-zip
921 silly REMOVE node_modules/netlify-cli/node_modules/extract-zip/node_modules/get-stream
922 silly REMOVE node_modules/netlify-cli/node_modules/events
923 silly REMOVE node_modules/netlify-cli/node_modules/ext-name
924 silly REMOVE node_modules/netlify-cli/node_modules/express-logging
925 silly REMOVE node_modules/netlify-cli/node_modules/express
926 silly REMOVE node_modules/netlify-cli/node_modules/express/node_modules/debug
927 silly REMOVE node_modules/netlify-cli/node_modules/express/node_modules/cookie
928 silly REMOVE node_modules/netlify-cli/node_modules/express/node_modules/ms
929 silly REMOVE node_modules/netlify-cli/node_modules/etag
930 silly REMOVE node_modules/netlify-cli/node_modules/execa
931 silly REMOVE node_modules/netlify-cli/node_modules/execa/node_modules/get-stream
932 silly REMOVE node_modules/netlify-cli/node_modules/execa/node_modules/is-stream
933 silly REMOVE node_modules/netlify-cli/node_modules/ext-list
934 silly REMOVE node_modules/netlify-cli/node_modules/eventemitter3
935 silly REMOVE node_modules/netlify-cli/node_modules/estraverse
936 silly REMOVE node_modules/netlify-cli/node_modules/estree-walker
937 silly REMOVE node_modules/netlify-cli/node_modules/event-target-shim
938 silly REMOVE node_modules/netlify-cli/node_modules/esprima
939 silly REMOVE node_modules/netlify-cli/node_modules/escodegen
940 silly REMOVE node_modules/netlify-cli/node_modules/esutils
941 silly REMOVE node_modules/netlify-cli/node_modules/escape-goat
942 silly REMOVE node_modules/netlify-cli/node_modules/escape-string-regexp
943 silly REMOVE node_modules/netlify-cli/node_modules/esbuild
944 silly REMOVE node_modules/netlify-cli/node_modules/es-module-lexer
945 silly REMOVE node_modules/netlify-cli/node_modules/escape-html
946 silly REMOVE node_modules/netlify-cli/node_modules/escalade
947 silly REMOVE node_modules/netlify-cli/node_modules/es-define-property
948 silly REMOVE node_modules/netlify-cli/node_modules/es-object-atoms
949 silly REMOVE node_modules/netlify-cli/node_modules/es-errors
950 silly REMOVE node_modules/netlify-cli/node_modules/entities
951 silly REMOVE node_modules/netlify-cli/node_modules/error-stack-parser
952 silly REMOVE node_modules/netlify-cli/node_modules/environment
953 silly REMOVE node_modules/netlify-cli/node_modules/env-paths
954 silly REMOVE node_modules/netlify-cli/node_modules/enquirer
955 silly REMOVE node_modules/netlify-cli/node_modules/enquirer/node_modules/strip-ansi
956 silly REMOVE node_modules/netlify-cli/node_modules/enquirer/node_modules/ansi-regex
957 silly REMOVE node_modules/netlify-cli/node_modules/envinfo
958 silly REMOVE node_modules/netlify-cli/node_modules/dunder-proto
959 silly REMOVE node_modules/netlify-cli/node_modules/emoji-regex
960 silly REMOVE node_modules/netlify-cli/node_modules/ecdsa-sig-formatter
961 silly REMOVE node_modules/netlify-cli/node_modules/enabled
962 silly REMOVE node_modules/netlify-cli/node_modules/encodeurl
963 silly REMOVE node_modules/netlify-cli/node_modules/empathic
964 silly REMOVE node_modules/netlify-cli/node_modules/dotenv
965 silly REMOVE node_modules/netlify-cli/node_modules/ee-first
966 silly REMOVE node_modules/netlify-cli/node_modules/end-of-stream
967 silly REMOVE node_modules/netlify-cli/node_modules/dot-prop
968 silly REMOVE node_modules/netlify-cli/node_modules/diff
969 silly REMOVE node_modules/netlify-cli/node_modules/eastasianwidth
970 silly REMOVE node_modules/netlify-cli/node_modules/domutils
971 silly REMOVE node_modules/netlify-cli/node_modules/domhandler
972 silly REMOVE node_modules/netlify-cli/node_modules/detective-typescript
973 silly REMOVE node_modules/netlify-cli/node_modules/domelementtype
974 silly REMOVE node_modules/netlify-cli/node_modules/dom-serializer
975 silly REMOVE node_modules/netlify-cli/node_modules/dom-serializer/node_modules/entities
976 silly REMOVE node_modules/netlify-cli/node_modules/dettle
977 silly REMOVE node_modules/netlify-cli/node_modules/detective-postcss
978 silly REMOVE node_modules/netlify-cli/node_modules/detective-vue2
979 silly REMOVE node_modules/netlify-cli/node_modules/detect-libc
980 silly REMOVE node_modules/netlify-cli/node_modules/detective-stylus
981 silly REMOVE node_modules/netlify-cli/node_modules/detective-scss
982 silly REMOVE node_modules/netlify-cli/node_modules/detective-sass
983 silly REMOVE node_modules/netlify-cli/node_modules/depd
984 silly REMOVE node_modules/netlify-cli/node_modules/detective-cjs
985 silly REMOVE node_modules/netlify-cli/node_modules/detective-es6
986 silly REMOVE node_modules/netlify-cli/node_modules/detective-amd
987 silly REMOVE node_modules/netlify-cli/node_modules/defu
988 silly REMOVE node_modules/netlify-cli/node_modules/destroy
989 silly REMOVE node_modules/netlify-cli/node_modules/destr
990 silly REMOVE node_modules/netlify-cli/node_modules/define-lazy-prop
991 silly REMOVE node_modules/netlify-cli/node_modules/defer-to-connect
992 silly REMOVE node_modules/netlify-cli/node_modules/default-browser
993 silly REMOVE node_modules/netlify-cli/node_modules/defaults
994 silly REMOVE node_modules/netlify-cli/node_modules/decache
995 silly REMOVE node_modules/netlify-cli/node_modules/decompress-response
996 silly REMOVE node_modules/netlify-cli/node_modules/decompress-response/node_modules/mimic-response
997 silly REMOVE node_modules/netlify-cli/node_modules/default-browser-id
998 silly REMOVE node_modules/netlify-cli/node_modules/cyclist
999 silly REMOVE node_modules/netlify-cli/node_modules/deepmerge
1000 silly REMOVE node_modules/netlify-cli/node_modules/deep-extend
1001 silly REMOVE node_modules/netlify-cli/node_modules/css-tree
1002 silly REMOVE node_modules/netlify-cli/node_modules/csso
1003 silly REMOVE node_modules/netlify-cli/node_modules/csso/node_modules/mdn-data
1004 silly REMOVE node_modules/netlify-cli/node_modules/csso/node_modules/css-tree
1005 silly REMOVE node_modules/netlify-cli/node_modules/debug
1006 silly REMOVE node_modules/netlify-cli/node_modules/data-uri-to-buffer
1007 silly REMOVE node_modules/netlify-cli/node_modules/css-select
1008 silly REMOVE node_modules/netlify-cli/node_modules/cssfilter
1009 silly REMOVE node_modules/netlify-cli/node_modules/crossws
1010 silly REMOVE node_modules/netlify-cli/node_modules/css-what
1011 silly REMOVE node_modules/netlify-cli/node_modules/cron-parser
1012 silly REMOVE node_modules/netlify-cli/node_modules/crc32-stream
1013 silly REMOVE node_modules/netlify-cli/node_modules/create-require
1014 silly REMOVE node_modules/netlify-cli/node_modules/cross-spawn
1015 silly REMOVE node_modules/netlify-cli/node_modules/cross-spawn/node_modules/path-key
1016 silly REMOVE node_modules/netlify-cli/node_modules/crc-32
1017 silly REMOVE node_modules/netlify-cli/node_modules/cpy
1018 silly REMOVE node_modules/netlify-cli/node_modules/content-type
1019 silly REMOVE node_modules/netlify-cli/node_modules/cookie-signature
1020 silly REMOVE node_modules/netlify-cli/node_modules/core-util-is
1021 silly REMOVE node_modules/netlify-cli/node_modules/cookie-es
1022 silly REMOVE node_modules/netlify-cli/node_modules/consola
1023 silly REMOVE node_modules/netlify-cli/node_modules/copy-file
1024 silly REMOVE node_modules/netlify-cli/node_modules/cookie
1025 silly REMOVE node_modules/netlify-cli/node_modules/configstore
1026 silly REMOVE node_modules/netlify-cli/node_modules/confbox
1027 silly REMOVE node_modules/netlify-cli/node_modules/content-disposition
1028 silly REMOVE node_modules/netlify-cli/node_modules/config-chain
1029 silly REMOVE node_modules/netlify-cli/node_modules/comment-json
1030 silly REMOVE node_modules/netlify-cli/node_modules/commander
1031 silly REMOVE node_modules/netlify-cli/node_modules/common-path-prefix
1032 silly REMOVE node_modules/netlify-cli/node_modules/compress-commons
1033 silly REMOVE node_modules/netlify-cli/node_modules/compress-commons/node_modules/is-stream
1034 silly REMOVE node_modules/netlify-cli/node_modules/color-name
1035 silly REMOVE node_modules/netlify-cli/node_modules/colors
1036 silly REMOVE node_modules/netlify-cli/node_modules/colorspace
1037 silly REMOVE node_modules/netlify-cli/node_modules/color-string
1038 silly REMOVE node_modules/netlify-cli/node_modules/clone
1039 silly REMOVE node_modules/netlify-cli/node_modules/color-convert
1040 silly REMOVE node_modules/netlify-cli/node_modules/color-convert/node_modules/color-name
1041 silly REMOVE node_modules/netlify-cli/node_modules/color
1042 silly REMOVE node_modules/netlify-cli/node_modules/cli-cursor
1043 silly REMOVE node_modules/netlify-cli/node_modules/cli-width
1044 silly REMOVE node_modules/netlify-cli/node_modules/cliui
1045 silly REMOVE node_modules/netlify-cli/node_modules/cliui/node_modules/strip-ansi
1046 silly REMOVE node_modules/netlify-cli/node_modules/cliui/node_modules/wrap-ansi
1047 silly REMOVE node_modules/netlify-cli/node_modules/cliui/node_modules/is-fullwidth-code-point
1048 silly REMOVE node_modules/netlify-cli/node_modules/cliui/node_modules/ansi-regex
1049 silly REMOVE node_modules/netlify-cli/node_modules/cliui/node_modules/string-width
1050 silly REMOVE node_modules/netlify-cli/node_modules/cliui/node_modules/ansi-styles
1051 silly REMOVE node_modules/netlify-cli/node_modules/cliui/node_modules/color-convert
1052 silly REMOVE node_modules/netlify-cli/node_modules/cliui/node_modules/emoji-regex
1053 silly REMOVE node_modules/netlify-cli/node_modules/cli-boxes
1054 silly REMOVE node_modules/netlify-cli/node_modules/clipboardy
1055 silly REMOVE node_modules/netlify-cli/node_modules/clipboardy/node_modules/onetime
1056 silly REMOVE node_modules/netlify-cli/node_modules/clipboardy/node_modules/strip-final-newline
1057 silly REMOVE node_modules/netlify-cli/node_modules/clipboardy/node_modules/npm-run-path
1058 silly REMOVE node_modules/netlify-cli/node_modules/clipboardy/node_modules/signal-exit
1059 silly REMOVE node_modules/netlify-cli/node_modules/clipboardy/node_modules/is-stream
1060 silly REMOVE node_modules/netlify-cli/node_modules/clipboardy/node_modules/human-signals
1061 silly REMOVE node_modules/netlify-cli/node_modules/clipboardy/node_modules/execa
1062 silly REMOVE node_modules/netlify-cli/node_modules/clipboardy/node_modules/get-stream
1063 silly REMOVE node_modules/netlify-cli/node_modules/cli-spinners
1064 silly REMOVE node_modules/netlify-cli/node_modules/cjs-module-lexer
1065 silly REMOVE node_modules/netlify-cli/node_modules/clean-stack
1066 silly REMOVE node_modules/netlify-cli/node_modules/clean-deep
1067 silly REMOVE node_modules/netlify-cli/node_modules/chokidar
1068 silly REMOVE node_modules/netlify-cli/node_modules/ci-info
1069 silly REMOVE node_modules/netlify-cli/node_modules/citty
1070 silly REMOVE node_modules/netlify-cli/node_modules/chardet
1071 silly REMOVE node_modules/netlify-cli/node_modules/chalk
1072 silly REMOVE node_modules/netlify-cli/node_modules/chownr
1073 silly REMOVE node_modules/netlify-cli/node_modules/call-bound
1074 silly REMOVE node_modules/netlify-cli/node_modules/camelcase
1075 silly REMOVE node_modules/netlify-cli/node_modules/call-bind-apply-helpers
1076 silly REMOVE node_modules/netlify-cli/node_modules/cacheable-lookup
1077 silly REMOVE node_modules/netlify-cli/node_modules/callsite
1078 silly REMOVE node_modules/netlify-cli/node_modules/bytes
1079 silly REMOVE node_modules/netlify-cli/node_modules/byline
1080 silly REMOVE node_modules/netlify-cli/node_modules/cacheable-request
1081 silly REMOVE node_modules/netlify-cli/node_modules/cacheable-request/node_modules/get-stream
1082 silly REMOVE node_modules/netlify-cli/node_modules/bundle-name
1083 silly REMOVE node_modules/netlify-cli/node_modules/braces
1084 silly REMOVE node_modules/netlify-cli/node_modules/buffer-equal-constant-time
1085 silly REMOVE node_modules/netlify-cli/node_modules/buffer
1086 silly REMOVE node_modules/netlify-cli/node_modules/brace-expansion
1087 silly REMOVE node_modules/netlify-cli/node_modules/buffer-crc32
1088 silly REMOVE node_modules/netlify-cli/node_modules/boxen
1089 silly REMOVE node_modules/netlify-cli/node_modules/bindings
1090 silly REMOVE node_modules/netlify-cli/node_modules/buffer-from
1091 silly REMOVE node_modules/netlify-cli/node_modules/bare-events
1092 silly REMOVE node_modules/netlify-cli/node_modules/body-parser
1093 silly REMOVE node_modules/netlify-cli/node_modules/body-parser/node_modules/iconv-lite
1094 silly REMOVE node_modules/netlify-cli/node_modules/body-parser/node_modules/debug
1095 silly REMOVE node_modules/netlify-cli/node_modules/body-parser/node_modules/ms
1096 silly REMOVE node_modules/netlify-cli/node_modules/body-parser/node_modules/raw-body
1097 silly REMOVE node_modules/netlify-cli/node_modules/bl
1098 silly REMOVE node_modules/netlify-cli/node_modules/bl/node_modules/readable-stream
1099 silly REMOVE node_modules/netlify-cli/node_modules/before-after-hook
1100 silly REMOVE node_modules/netlify-cli/node_modules/balanced-match
1101 silly REMOVE node_modules/netlify-cli/node_modules/boolbase
1102 silly REMOVE node_modules/netlify-cli/node_modules/better-ajv-errors
1103 silly REMOVE node_modules/netlify-cli/node_modules/better-ajv-errors/node_modules/color-convert
1104 silly REMOVE node_modules/netlify-cli/node_modules/better-ajv-errors/node_modules/chalk
1105 silly REMOVE node_modules/netlify-cli/node_modules/better-ajv-errors/node_modules/ansi-styles
1106 silly REMOVE node_modules/netlify-cli/node_modules/better-ajv-errors/node_modules/supports-color
1107 silly REMOVE node_modules/netlify-cli/node_modules/b4a
1108 silly REMOVE node_modules/netlify-cli/node_modules/base64-js
1109 silly REMOVE node_modules/netlify-cli/node_modules/avvio
1110 silly REMOVE node_modules/netlify-cli/node_modules/async
1111 silly REMOVE node_modules/netlify-cli/node_modules/atomically
1112 silly REMOVE node_modules/netlify-cli/node_modules/backoff
1113 silly REMOVE node_modules/netlify-cli/node_modules/atomic-sleep
1114 silly REMOVE node_modules/netlify-cli/node_modules/array-flatten
1115 silly REMOVE node_modules/netlify-cli/node_modules/arg
1116 silly REMOVE node_modules/netlify-cli/node_modules/ascii-table
1117 silly REMOVE node_modules/netlify-cli/node_modules/ast-module-types
1118 silly REMOVE node_modules/netlify-cli/node_modules/async-sema
1119 silly REMOVE node_modules/netlify-cli/node_modules/ansis
1120 silly REMOVE node_modules/netlify-cli/node_modules/ansi-to-html
1121 silly REMOVE node_modules/netlify-cli/node_modules/archiver
1122 silly REMOVE node_modules/netlify-cli/node_modules/ansi-styles
1123 silly REMOVE node_modules/netlify-cli/node_modules/array-timsort
1124 silly REMOVE node_modules/netlify-cli/node_modules/archiver-utils
1125 silly REMOVE node_modules/netlify-cli/node_modules/archiver-utils/node_modules/is-stream
1126 silly REMOVE node_modules/netlify-cli/node_modules/anymatch
1127 silly REMOVE node_modules/netlify-cli/node_modules/anymatch/node_modules/picomatch
1128 silly REMOVE node_modules/netlify-cli/node_modules/ansi-regex
1129 silly REMOVE node_modules/netlify-cli/node_modules/ansi-colors
1130 silly REMOVE node_modules/netlify-cli/node_modules/ansi-escapes
1131 silly REMOVE node_modules/netlify-cli/node_modules/ajv
1132 silly REMOVE node_modules/netlify-cli/node_modules/ajv-errors
1133 silly REMOVE node_modules/netlify-cli/node_modules/ajv-formats
1134 silly REMOVE node_modules/netlify-cli/node_modules/ansi-align
1135 silly REMOVE node_modules/netlify-cli/node_modules/ansi-align/node_modules/string-width
1136 silly REMOVE node_modules/netlify-cli/node_modules/ansi-align/node_modules/strip-ansi
1137 silly REMOVE node_modules/netlify-cli/node_modules/ansi-align/node_modules/is-fullwidth-code-point
1138 silly REMOVE node_modules/netlify-cli/node_modules/ansi-align/node_modules/ansi-regex
1139 silly REMOVE node_modules/netlify-cli/node_modules/ansi-align/node_modules/emoji-regex
1140 silly REMOVE node_modules/netlify-cli/node_modules/acorn-import-attributes
1141 silly REMOVE node_modules/netlify-cli/node_modules/agent-base
1142 silly REMOVE node_modules/netlify-cli/node_modules/acorn-walk
1143 silly REMOVE node_modules/netlify-cli/node_modules/acorn
1144 silly REMOVE node_modules/netlify-cli/node_modules/abort-controller
1145 silly REMOVE node_modules/netlify-cli/node_modules/abstract-logging
1146 silly REMOVE node_modules/netlify-cli/node_modules/accepts
1147 silly REMOVE node_modules/netlify-cli/node_modules/abbrev
1148 silly REMOVE node_modules/netlify-cli/node_modules/@netlify/local-functions-proxy-win32-x64
1149 verbose cwd C:\Users\HP\Downloads\Akanni Hannah Ibukun
1150 verbose os Windows_NT 10.0.22000
1151 verbose node v24.11.0
1152 verbose npm  v11.6.3
1153 verbose exit 0
1154 info ok
