0 verbose cli C:\Program Files\nodejs\node.exe C:\Users\HP\AppData\Roaming\npm\node_modules\npm\bin\npm-cli.js
1 info using npm@11.6.3
2 info using node@v24.11.0
3 silly config load:file:C:\Users\HP\AppData\Roaming\npm\node_modules\npm\npmrc
4 silly config load:file:C:\Users\HP\Downloads\Akanni Hannah Ibukun\.npmrc
5 silly config load:file:C:\Users\HP\.npmrc
6 silly config load:file:C:\Users\HP\AppData\Roaming\npm\etc\npmrc
7 verbose title npm install
8 verbose argv "install"
9 verbose logfile logs-max:10 dir:C:\Users\HP\Downloads\Akanni Hannah Ibukun\clean\_logs\2025-11-29T03_21_12_201Z-
10 verbose logfile C:\Users\HP\Downloads\Akanni Hannah Ibukun\clean\_logs\2025-11-29T03_21_12_201Z-debug-0.log
11 silly logfile start cleaning logs, removing 1 files
12 silly packumentCache heap:2348810240 maxSize:587202560 maxEntrySize:293601280
13 silly logfile done cleaning log files
14 silly idealTree buildDeps
15 silly reify moves {}
16 silly audit bulk request {
16 silly audit   '@alloc/quick-lru': [ '5.2.0' ],
16 silly audit   '@asamuzakjp/css-color': [ '3.2.0' ],
16 silly audit   '@aws-crypto/sha256-browser': [ '5.2.0' ],
16 silly audit   '@smithy/is-array-buffer': [ '2.2.0', '4.2.0' ],
16 silly audit   '@smithy/util-buffer-from': [ '2.2.0', '4.2.0' ],
16 silly audit   '@smithy/util-utf8': [ '2.3.0', '4.2.0' ],
16 silly audit   '@aws-crypto/sha256-js': [ '5.2.0' ],
16 silly audit   '@aws-crypto/supports-web-crypto': [ '5.2.0' ],
16 silly audit   '@aws-crypto/util': [ '5.2.0' ],
16 silly audit   '@aws-sdk/client-ses': [ '3.940.0' ],
16 silly audit   '@aws-sdk/client-sso': [ '3.940.0' ],
16 silly audit   '@aws-sdk/core': [ '3.940.0' ],
16 silly audit   '@aws-sdk/credential-provider-env': [ '3.940.0' ],
16 silly audit   '@aws-sdk/credential-provider-http': [ '3.940.0' ],
16 silly audit   '@aws-sdk/credential-provider-ini': [ '3.940.0' ],
16 silly audit   '@aws-sdk/credential-provider-login': [ '3.940.0' ],
16 silly audit   '@aws-sdk/credential-provider-node': [ '3.940.0' ],
16 silly audit   '@aws-sdk/credential-provider-process': [ '3.940.0' ],
16 silly audit   '@aws-sdk/credential-provider-sso': [ '3.940.0' ],
16 silly audit   '@aws-sdk/credential-provider-web-identity': [ '3.940.0' ],
16 silly audit   '@aws-sdk/middleware-host-header': [ '3.936.0' ],
16 silly audit   '@aws-sdk/middleware-logger': [ '3.936.0' ],
16 silly audit   '@aws-sdk/middleware-recursion-detection': [ '3.936.0' ],
16 silly audit   '@aws-sdk/middleware-user-agent': [ '3.940.0' ],
16 silly audit   '@aws-sdk/nested-clients': [ '3.940.0' ],
16 silly audit   '@aws-sdk/region-config-resolver': [ '3.936.0' ],
16 silly audit   '@aws-sdk/token-providers': [ '3.940.0' ],
16 silly audit   '@aws-sdk/types': [ '3.936.0' ],
16 silly audit   '@aws-sdk/util-endpoints': [ '3.936.0' ],
16 silly audit   '@aws-sdk/util-locate-window': [ '3.893.0' ],
16 silly audit   '@aws-sdk/util-user-agent-browser': [ '3.936.0' ],
16 silly audit   '@aws-sdk/util-user-agent-node': [ '3.940.0' ],
16 silly audit   '@aws-sdk/xml-builder': [ '3.930.0' ],
16 silly audit   '@aws/lambda-invoke-store': [ '0.2.1' ],
16 silly audit   '@babel/runtime': [ '7.28.4' ],
16 silly audit   '@csstools/color-helpers': [ '5.1.0' ],
16 silly audit   '@csstools/css-calc': [ '2.1.4' ],
16 silly audit   '@csstools/css-color-parser': [ '3.1.0' ],
16 silly audit   '@csstools/css-parser-algorithms': [ '3.0.5' ],
16 silly audit   '@csstools/css-tokenizer': [ '3.0.4' ],
16 silly audit   '@dimforge/rapier3d-compat': [ '0.12.0' ],
16 silly audit   '@emnapi/runtime': [ '1.7.1' ],
16 silly audit   '@hookform/resolvers': [ '3.10.0' ],
16 silly audit   '@img/colour': [ '1.0.0' ],
16 silly audit   '@img/sharp-darwin-arm64': [ '0.33.5', '0.34.5' ],
16 silly audit   '@img/sharp-darwin-x64': [ '0.33.5', '0.34.5' ],
16 silly audit   '@img/sharp-libvips-darwin-arm64': [ '1.0.4', '1.2.4' ],
16 silly audit   '@img/sharp-libvips-darwin-x64': [ '1.0.4', '1.2.4' ],
16 silly audit   '@img/sharp-libvips-linux-arm': [ '1.0.5', '1.2.4' ],
16 silly audit   '@img/sharp-libvips-linux-arm64': [ '1.0.4', '1.2.4' ],
16 silly audit   '@img/sharp-libvips-linux-ppc64': [ '1.2.4' ],
16 silly audit   '@img/sharp-libvips-linux-riscv64': [ '1.2.4' ],
16 silly audit   '@img/sharp-libvips-linux-s390x': [ '1.0.4', '1.2.4' ],
16 silly audit   '@img/sharp-libvips-linux-x64': [ '1.0.4', '1.2.4' ],
16 silly audit   '@img/sharp-libvips-linuxmusl-arm64': [ '1.0.4', '1.2.4' ],
16 silly audit   '@img/sharp-libvips-linuxmusl-x64': [ '1.0.4', '1.2.4' ],
16 silly audit   '@img/sharp-linux-arm': [ '0.33.5', '0.34.5' ],
16 silly audit   '@img/sharp-linux-arm64': [ '0.33.5', '0.34.5' ],
16 silly audit   '@img/sharp-linux-ppc64': [ '0.34.5' ],
16 silly audit   '@img/sharp-linux-riscv64': [ '0.34.5' ],
16 silly audit   '@img/sharp-linux-s390x': [ '0.33.5', '0.34.5' ],
16 silly audit   '@img/sharp-linux-x64': [ '0.33.5', '0.34.5' ],
16 silly audit   '@img/sharp-linuxmusl-arm64': [ '0.33.5', '0.34.5' ],
16 silly audit   '@img/sharp-linuxmusl-x64': [ '0.33.5', '0.34.5' ],
16 silly audit   '@img/sharp-wasm32': [ '0.33.5', '0.34.5' ],
16 silly audit   '@img/sharp-win32-arm64': [ '0.34.5' ],
16 silly audit   '@img/sharp-win32-ia32': [ '0.33.5', '0.34.5' ],
16 silly audit   '@img/sharp-win32-x64': [ '0.33.5', '0.34.5' ],
16 silly audit   '@jridgewell/gen-mapping': [ '0.3.13' ],
16 silly audit   '@jridgewell/resolve-uri': [ '3.1.2' ],
16 silly audit   '@jridgewell/sourcemap-codec': [ '1.5.5' ],
16 silly audit   '@jridgewell/trace-mapping': [ '0.3.31' ],
16 silly audit   '@mediapipe/tasks-vision': [ '0.10.17' ],
16 silly audit   '@monogrid/gainmap-js': [ '3.4.0' ],
16 silly audit   '@netlify/functions': [ '5.1.0' ],
16 silly audit   '@netlify/types': [ '2.2.0' ],
16 silly audit   '@next/env': [ '15.5.6' ],
16 silly audit   '@next/swc-darwin-arm64': [ '15.5.6' ],
16 silly audit   '@next/swc-darwin-x64': [ '15.5.6' ],
16 silly audit   '@next/swc-linux-arm64-gnu': [ '15.5.6' ],
16 silly audit   '@next/swc-linux-arm64-musl': [ '15.5.6' ],
16 silly audit   '@next/swc-linux-x64-gnu': [ '15.5.6' ],
16 silly audit   '@next/swc-linux-x64-musl': [ '15.5.6' ],
16 silly audit   '@next/swc-win32-arm64-msvc': [ '15.5.6' ],
16 silly audit   '@next/swc-win32-x64-msvc': [ '15.5.6' ],
16 silly audit   '@next/third-parties': [ '15.1.8' ],
16 silly audit   '@nodelib/fs.scandir': [ '2.1.5' ],
16 silly audit   '@nodelib/fs.stat': [ '2.0.5' ],
16 silly audit   '@nodelib/fs.walk': [ '1.2.8' ],
16 silly audit   '@radix-ui/react-compose-refs': [ '1.1.2' ],
16 silly audit   '@radix-ui/react-icons': [ '1.3.2' ],
16 silly audit   '@radix-ui/react-label': [ '2.1.8' ],
16 silly audit   '@radix-ui/react-primitive': [ '2.1.4' ],
16 silly audit   '@radix-ui/react-separator': [ '1.1.8' ],
16 silly audit   '@radix-ui/react-slot': [ '1.2.4' ],
16 silly audit   '@react-three/drei': [ '10.7.7' ],
16 silly audit   '@react-three/fiber': [ '9.4.0' ],
16 silly audit   '@shikijs/core': [ '1.29.2' ],
16 silly audit   '@shikijs/engine-javascript': [ '1.29.2' ],
16 silly audit   '@shikijs/engine-oniguruma': [ '1.29.2' ],
16 silly audit   '@shikijs/langs': [ '1.29.2' ],
16 silly audit   '@shikijs/themes': [ '1.29.2' ],
16 silly audit   '@shikijs/types': [ '1.29.2' ],
16 silly audit   '@shikijs/vscode-textmate': [ '10.0.2' ],
16 silly audit   '@smithy/abort-controller': [ '4.2.5' ],
16 silly audit   '@smithy/config-resolver': [ '4.4.3' ],
16 silly audit   '@smithy/core': [ '3.18.5' ],
16 silly audit   '@smithy/credential-provider-imds': [ '4.2.5' ],
16 silly audit   '@smithy/fetch-http-handler': [ '5.3.6' ],
16 silly audit   '@smithy/hash-node': [ '4.2.5' ],
16 silly audit   '@smithy/invalid-dependency': [ '4.2.5' ],
16 silly audit   '@smithy/middleware-content-length': [ '4.2.5' ],
16 silly audit   '@smithy/middleware-endpoint': [ '4.3.12' ],
16 silly audit   '@smithy/middleware-retry': [ '4.4.12' ],
16 silly audit   '@smithy/middleware-serde': [ '4.2.6' ],
16 silly audit   '@smithy/middleware-stack': [ '4.2.5' ],
16 silly audit   '@smithy/node-config-provider': [ '4.3.5' ],
16 silly audit   '@smithy/node-http-handler': [ '4.4.5' ],
16 silly audit   '@smithy/property-provider': [ '4.2.5' ],
16 silly audit   '@smithy/protocol-http': [ '5.3.5' ],
16 silly audit   '@smithy/querystring-builder': [ '4.2.5' ],
16 silly audit   '@smithy/querystring-parser': [ '4.2.5' ],
16 silly audit   '@smithy/service-error-classification': [ '4.2.5' ],
16 silly audit   '@smithy/shared-ini-file-loader': [ '4.4.0' ],
16 silly audit   '@smithy/signature-v4': [ '5.3.5' ],
16 silly audit   '@smithy/smithy-client': [ '4.9.8' ],
16 silly audit   '@smithy/types': [ '4.9.0' ],
16 silly audit   '@smithy/url-parser': [ '4.2.5' ],
16 silly audit   '@smithy/util-base64': [ '4.3.0' ],
16 silly audit   '@smithy/util-body-length-browser': [ '4.2.0' ],
16 silly audit   '@smithy/util-body-length-node': [ '4.2.1' ],
16 silly audit   '@smithy/util-config-provider': [ '4.2.0' ],
16 silly audit   '@smithy/util-defaults-mode-browser': [ '4.3.11' ],
16 silly audit   '@smithy/util-defaults-mode-node': [ '4.2.14' ],
16 silly audit   '@smithy/util-endpoints': [ '3.2.5' ],
16 silly audit   '@smithy/util-hex-encoding': [ '4.2.0' ],
16 silly audit   '@smithy/util-middleware': [ '4.2.5' ],
16 silly audit   '@smithy/util-retry': [ '4.2.5' ],
16 silly audit   '@smithy/util-stream': [ '4.5.6' ],
16 silly audit   '@smithy/util-uri-escape': [ '4.2.0' ],
16 silly audit   '@smithy/util-waiter': [ '4.2.5' ],
16 silly audit   '@smithy/uuid': [ '1.1.0' ],
16 silly audit   '@swc/helpers': [ '0.5.15' ],
16 silly audit   '@tweenjs/tween.js': [ '23.1.3' ],
16 silly audit   '@types/debug': [ '4.1.12' ],
16 silly audit   '@types/draco3d': [ '1.4.10' ],
16 silly audit   '@types/estree': [ '1.0.8' ],
16 silly audit   '@types/estree-jsx': [ '1.0.5' ],
16 silly audit   '@types/hast': [ '3.0.4' ],
16 silly audit   '@types/he': [ '1.2.3' ],
16 silly audit   '@types/jsdom': [ '21.1.7' ],
16 silly audit   '@types/mdast': [ '4.0.4' ],
16 silly audit   '@types/ms': [ '2.1.0' ],
16 silly audit   '@types/node': [ '20.19.25' ],
16 silly audit   '@types/nodemailer': [ '6.4.21' ],
16 silly audit   '@types/offscreencanvas': [ '2019.7.3' ],
16 silly audit   '@types/react': [ '19.2.7' ],
16 silly audit   '@types/react-dom': [ '19.1.5' ],
16 silly audit   '@types/react-reconciler': [ '0.32.3', '0.28.9' ],
16 silly audit   '@types/rss': [ '0.0.32' ],
16 silly audit   '@types/stats.js': [ '0.17.4' ],
16 silly audit   '@types/three': [ '0.181.0' ],
16 silly audit   '@types/tough-cookie': [ '4.0.5' ],
16 silly audit   '@types/trusted-types': [ '2.0.7' ],
16 silly audit   '@types/unist': [ '3.0.3', '2.0.11' ],
16 silly audit   '@types/webxr': [ '0.5.24' ],
16 silly audit   '@ungap/structured-clone': [ '1.3.0' ],
16 silly audit   '@use-gesture/core': [ '10.3.1' ],
16 silly audit   '@use-gesture/react': [ '10.3.1' ],
16 silly audit   '@vercel/analytics': [ '1.5.0' ],
16 silly audit   '@vercel/speed-insights': [ '1.2.0' ],
16 silly audit   '@webgpu/types': [ '0.1.66' ],
16 silly audit   'agent-base': [ '7.1.4' ],
16 silly audit   'any-promise': [ '1.3.0' ],
16 silly audit   anymatch: [ '3.1.3' ],
16 silly audit   arg: [ '5.0.2' ],
16 silly audit   asynckit: [ '0.4.0' ],
16 silly audit   bail: [ '2.0.2' ],
16 silly audit   'base64-js': [ '1.5.1' ],
16 silly audit   'bidi-js': [ '1.0.3' ],
16 silly audit   'binary-extensions': [ '2.3.0' ],
16 silly audit   bowser: [ '2.13.0' ],
16 silly audit   braces: [ '3.0.3' ],
16 silly audit   buffer: [ '6.0.3' ],
16 silly audit   'call-bind-apply-helpers': [ '1.0.2' ],
16 silly audit   'camelcase-css': [ '2.0.1' ],
16 silly audit   'camera-controls': [ '3.1.2' ],
16 silly audit   'caniuse-lite': [ '1.0.30001757' ],
16 silly audit   ccount: [ '2.0.1' ],
16 silly audit   chalk: [ '5.6.2' ],
16 silly audit   'character-entities': [ '2.0.2' ],
16 silly audit   'character-entities-html4': [ '2.1.0' ],
16 silly audit   'character-entities-legacy': [ '3.0.0' ],
16 silly audit   'character-reference-invalid': [ '2.0.1' ],
16 silly audit   chokidar: [ '3.6.0' ],
16 silly audit   'glob-parent': [ '5.1.2', '6.0.2' ],
16 silly audit   'class-variance-authority': [ '0.7.1' ],
16 silly audit   'client-only': [ '0.0.1' ],
16 silly audit   clsx: [ '2.1.1' ],
16 silly audit   color: [ '4.2.3' ],
16 silly audit   'color-convert': [ '2.0.1' ],
16 silly audit   'color-name': [ '1.1.4' ],
16 silly audit   'color-string': [ '1.9.1' ],
16 silly audit   'combined-stream': [ '1.0.8' ],
16 silly audit   'comma-separated-tokens': [ '2.0.3' ],
16 silly audit   commander: [ '4.1.1' ],
16 silly audit   'cross-env': [ '7.0.3' ],
16 silly audit   'cross-spawn': [ '7.0.6' ],
16 silly audit   cssesc: [ '3.0.0' ],
16 silly audit   cssstyle: [ '4.6.0' ],
16 silly audit   'rrweb-cssom': [ '0.8.0', '0.7.1' ],
16 silly audit   csstype: [ '3.2.3' ],
16 silly audit   'data-urls': [ '5.0.0' ],
16 silly audit   debug: [ '4.4.3' ],
16 silly audit   'decimal.js': [ '10.6.0' ],
16 silly audit   'decode-named-character-reference': [ '1.2.0' ],
16 silly audit   'delayed-stream': [ '1.0.0' ],
16 silly audit   dequal: [ '2.0.3' ],
16 silly audit   'detect-gpu': [ '5.0.70' ],
16 silly audit   'detect-libc': [ '2.1.2' ],
16 silly audit   devlop: [ '1.1.0' ],
16 silly audit   didyoumean: [ '1.2.2' ],
16 silly audit   dlv: [ '1.1.3' ],
16 silly audit   dompurify: [ '3.3.0' ],
16 silly audit   draco3d: [ '1.5.7' ],
16 silly audit   'dunder-proto': [ '1.0.1' ],
16 silly audit   'emoji-regex-xs': [ '1.0.0' ],
16 silly audit   entities: [ '6.0.1' ],
16 silly audit   'es-define-property': [ '1.0.1' ],
16 silly audit   'es-errors': [ '1.3.0' ],
16 silly audit   'es-object-atoms': [ '1.1.1' ],
16 silly audit   'es-set-tostringtag': [ '2.1.0' ],
16 silly audit   'estree-util-is-identifier-name': [ '3.0.0' ],
16 silly audit   extend: [ '3.0.2' ],
16 silly audit   'fast-glob': [ '3.3.3' ],
16 silly audit   'fast-xml-parser': [ '5.2.5' ],
16 silly audit   fastq: [ '1.19.1' ],
16 silly audit   fflate: [ '0.8.2', '0.6.10' ],
16 silly audit   'fill-range': [ '7.1.1' ],
16 silly audit   'form-data': [ '4.0.5' ],
16 silly audit   'framer-motion': [ '11.18.2' ],
16 silly audit   fsevents: [ '2.3.3' ],
16 silly audit   'function-bind': [ '1.1.2' ],
16 silly audit   'get-intrinsic': [ '1.3.0' ],
16 silly audit   'get-proto': [ '1.0.1' ],
16 silly audit   'glsl-noise': [ '0.0.0' ],
16 silly audit   gopd: [ '1.2.0' ],
16 silly audit   'has-symbols': [ '1.1.0' ],
16 silly audit   'has-tostringtag': [ '1.0.2' ],
16 silly audit   hasown: [ '2.0.2' ],
16 silly audit   'hast-util-to-html': [ '9.0.5' ],
16 silly audit   'hast-util-to-jsx-runtime': [ '2.3.6' ],
16 silly audit   'hast-util-whitespace': [ '3.0.0' ],
16 silly audit   he: [ '1.2.0' ],
16 silly audit   'hls.js': [ '1.6.15' ],
16 silly audit   'html-encoding-sniffer': [ '4.0.0' ],
16 silly audit   'html-url-attributes': [ '3.0.1' ],
16 silly audit   'html-void-elements': [ '3.0.0' ],
16 silly audit   'http-proxy-agent': [ '7.0.2' ],
16 silly audit   'https-proxy-agent': [ '7.0.6' ],
16 silly audit   'iconv-lite': [ '0.6.3' ],
16 silly audit   ieee754: [ '1.2.1' ],
16 silly audit   immediate: [ '3.0.6' ],
16 silly audit   'inline-style-parser': [ '0.2.7' ],
16 silly audit   'is-alphabetical': [ '2.0.1' ],
16 silly audit   'is-alphanumerical': [ '2.0.1' ],
16 silly audit   'is-arrayish': [ '0.3.4' ],
16 silly audit   'is-binary-path': [ '2.1.0' ],
16 silly audit   'is-core-module': [ '2.16.1' ],
16 silly audit   'is-decimal': [ '2.0.1' ],
16 silly audit   'is-extglob': [ '2.1.1' ],
16 silly audit   'is-glob': [ '4.0.3' ],
16 silly audit   'is-hexadecimal': [ '2.0.1' ],
16 silly audit   'is-number': [ '7.0.0' ],
16 silly audit   'is-plain-obj': [ '4.1.0' ],
16 silly audit   'is-potential-custom-element-name': [ '1.0.1' ],
16 silly audit   'is-promise': [ '2.2.2' ],
16 silly audit   isexe: [ '2.0.0' ],
16 silly audit   'its-fine': [ '2.0.0' ],
16 silly audit   jiti: [ '1.21.7' ],
16 silly audit   jsdom: [ '25.0.1' ],
16 silly audit   lie: [ '3.3.0' ],
16 silly audit   lilconfig: [ '3.1.3' ],
16 silly audit   'lines-and-columns': [ '1.2.4' ],
16 silly audit   'longest-streak': [ '3.1.0' ],
16 silly audit   'lru-cache': [ '10.4.3' ],
16 silly audit   'lucide-react': [ '0.451.0' ],
16 silly audit   maath: [ '0.10.8' ],
16 silly audit   'math-intrinsics': [ '1.1.0' ],
16 silly audit   'mdast-util-from-markdown': [ '2.0.2' ],
16 silly audit   'mdast-util-mdx-expression': [ '2.0.1' ],
16 silly audit   'mdast-util-mdx-jsx': [ '3.2.0' ],
16 silly audit   'mdast-util-mdxjs-esm': [ '2.0.1' ],
16 silly audit   'mdast-util-phrasing': [ '4.1.0' ],
16 silly audit   'mdast-util-to-hast': [ '13.2.1' ],
16 silly audit   'mdast-util-to-markdown': [ '2.1.2' ],
16 silly audit   'mdast-util-to-string': [ '4.0.0' ],
16 silly audit   merge2: [ '1.4.1' ],
16 silly audit   meshline: [ '3.3.1' ],
16 silly audit   meshoptimizer: [ '0.22.0' ],
16 silly audit   micromark: [ '4.0.2' ],
16 silly audit   'micromark-core-commonmark': [ '2.0.3' ],
16 silly audit   'micromark-factory-destination': [ '2.0.1' ],
16 silly audit   'micromark-factory-label': [ '2.0.1' ],
16 silly audit   'micromark-factory-space': [ '2.0.1' ],
16 silly audit   'micromark-factory-title': [ '2.0.1' ],
16 silly audit   'micromark-factory-whitespace': [ '2.0.1' ],
16 silly audit   'micromark-util-character': [ '2.1.1' ],
16 silly audit   'micromark-util-chunked': [ '2.0.1' ],
16 silly audit   'micromark-util-classify-character': [ '2.0.1' ],
16 silly audit   'micromark-util-combine-extensions': [ '2.0.1' ],
16 silly audit   'micromark-util-decode-numeric-character-reference': [ '2.0.2' ],
16 silly audit   'micromark-util-decode-string': [ '2.0.1' ],
16 silly audit   'micromark-util-encode': [ '2.0.1' ],
16 silly audit   'micromark-util-html-tag-name': [ '2.0.1' ],
16 silly audit   'micromark-util-normalize-identifier': [ '2.0.1' ],
16 silly audit   'micromark-util-resolve-all': [ '2.0.1' ],
16 silly audit   'micromark-util-sanitize-uri': [ '2.0.1' ],
16 silly audit   'micromark-util-subtokenize': [ '2.1.0' ],
16 silly audit   'micromark-util-symbol': [ '2.0.1' ],
16 silly audit   'micromark-util-types': [ '2.0.2' ],
16 silly audit   micromatch: [ '4.0.8' ],
16 silly audit   'mime-db': [ '1.52.0', '1.25.0' ],
16 silly audit   'mime-types': [ '2.1.35', '2.1.13' ],
16 silly audit   'motion-dom': [ '11.18.1' ],
16 silly audit   'motion-utils': [ '11.18.1' ],
16 silly audit   ms: [ '2.1.3' ],
16 silly audit   mz: [ '2.7.0' ],
16 silly audit   nanoid: [ '3.3.11' ],
16 silly audit   next: [ '15.5.6' ],
16 silly audit   'next-themes': [ '0.4.6' ],
16 silly audit   postcss: [ '8.4.31', '8.5.6' ],
16 silly audit   sharp: [ '0.34.5', '0.33.5' ],
16 silly audit   nodemailer: [ '6.10.1' ],
16 silly audit   'normalize-path': [ '3.0.0' ],
16 silly audit   nwsapi: [ '2.2.22' ],
16 silly audit   'object-assign': [ '4.1.1' ],
16 silly audit   'object-hash': [ '3.0.0' ],
16 silly audit   'oniguruma-to-es': [ '2.3.0' ],
16 silly audit   'parse-entities': [ '4.0.2' ],
16 silly audit   parse5: [ '7.3.0' ],
16 silly audit   'path-key': [ '3.1.1' ],
16 silly audit   'path-parse': [ '1.0.7' ],
16 silly audit   picocolors: [ '1.1.1' ],
16 silly audit   picomatch: [ '2.3.1', '4.0.3' ],
16 silly audit   pify: [ '2.3.0' ],
16 silly audit   pirates: [ '4.0.7' ],
16 silly audit   'postcss-import': [ '15.1.0' ],
16 silly audit   'postcss-js': [ '4.1.0' ],
16 silly audit   'postcss-load-config': [ '6.0.1' ],
16 silly audit   'postcss-nested': [ '6.2.0' ],
16 silly audit   'postcss-selector-parser': [ '6.1.2' ],
16 silly audit   'postcss-value-parser': [ '4.2.0' ],
16 silly audit   potpack: [ '1.0.2' ],
16 silly audit   'promise-worker-transferable': [ '1.0.4' ],
16 silly audit   'property-information': [ '7.1.0' ],
16 silly audit   punycode: [ '2.3.1' ],
16 silly audit   'queue-microtask': [ '1.2.3' ],
16 silly audit   react: [ '19.2.0' ],
16 silly audit   'react-dom': [ '19.2.0' ],
16 silly audit   scheduler: [ '0.27.0', '0.25.0' ],
16 silly audit   'react-hook-form': [ '7.67.0' ],
16 silly audit   'react-icons': [ '5.5.0' ],
16 silly audit   'react-intersection-observer': [ '9.16.0' ],
16 silly audit   'react-markdown': [ '9.1.0' ],
16 silly audit   'react-reconciler': [ '0.31.0' ],
16 silly audit   'react-use-measure': [ '2.1.7' ],
16 silly audit   'read-cache': [ '1.0.0' ],
16 silly audit   readdirp: [ '3.6.0' ],
16 silly audit   regex: [ '5.1.1' ],
16 silly audit   'regex-recursion': [ '5.1.1' ],
16 silly audit   'regex-utilities': [ '2.3.0' ],
16 silly audit   'remark-parse': [ '11.0.0' ],
16 silly audit   'remark-rehype': [ '11.1.2' ],
16 silly audit   'require-from-string': [ '2.0.2' ],
16 silly audit   resolve: [ '1.22.11' ],
16 silly audit   reusify: [ '1.1.0' ],
16 silly audit   rss: [ '1.2.2' ],
16 silly audit   'run-parallel': [ '1.2.0' ],
16 silly audit   'safer-buffer': [ '2.1.2' ],
16 silly audit   saxes: [ '6.0.0' ],
16 silly audit   semver: [ '7.7.3' ],
16 silly audit   'shadcn-ui': [ '0.9.5' ],
16 silly audit   'shebang-command': [ '2.0.0' ],
16 silly audit   'shebang-regex': [ '3.0.0' ],
16 silly audit   shiki: [ '1.29.2' ],
16 silly audit   'simple-swizzle': [ '0.2.4' ],
16 silly audit   sonner: [ '1.7.4' ],
16 silly audit   'source-map-js': [ '1.2.1' ],
16 silly audit   'space-separated-tokens': [ '2.0.2' ],
16 silly audit   'stats-gl': [ '2.4.2' ],
16 silly audit   three: [ '0.170.0', '0.176.0' ],
16 silly audit   'stats.js': [ '0.17.0' ],
16 silly audit   'stringify-entities': [ '4.0.4' ],
16 silly audit   strnum: [ '2.1.1' ],
16 silly audit   'style-to-js': [ '1.1.21' ],
16 silly audit   'style-to-object': [ '1.0.14' ],
16 silly audit   'styled-jsx': [ '5.1.6' ],
16 silly audit   sucrase: [ '3.35.1' ],
16 silly audit   'supports-preserve-symlinks-flag': [ '1.0.0' ],
16 silly audit   'suspend-react': [ '0.1.3' ],
16 silly audit   'symbol-tree': [ '3.2.4' ],
16 silly audit   'tailwind-merge': [ '2.6.0' ],
16 silly audit   tailwindcss: [ '3.4.18' ],
16 silly audit   'tailwindcss-animate': [ '1.0.7' ],
16 silly audit   thenify: [ '3.3.1' ],
16 silly audit   'thenify-all': [ '1.6.0' ],
16 silly audit   'third-party-capital': [ '1.0.20' ],
16 silly audit   'three-mesh-bvh': [ '0.8.3' ],
16 silly audit   'three-stdlib': [ '2.36.1' ],
16 silly audit   tinyglobby: [ '0.2.15' ],
16 silly audit   fdir: [ '6.5.0' ],
16 silly audit   tldts: [ '6.1.86' ],
16 silly audit   'tldts-core': [ '6.1.86' ],
16 silly audit   'to-regex-range': [ '5.0.1' ],
16 silly audit   'tough-cookie': [ '5.1.2' ],
16 silly audit   tr46: [ '5.1.1' ],
16 silly audit   'trim-lines': [ '3.0.1' ],
16 silly audit   'troika-three-text': [ '0.52.4' ],
16 silly audit   'troika-three-utils': [ '0.52.4' ],
16 silly audit   'troika-worker-utils': [ '0.52.0' ],
16 silly audit   trough: [ '2.2.0' ],
16 silly audit   'ts-interface-checker': [ '0.1.13' ],
16 silly audit   tslib: [ '2.8.1' ],
16 silly audit   'tunnel-rat': [ '0.1.2' ],
16 silly audit   zustand: [ '4.5.7', '5.0.8' ],
16 silly audit   'typed.js': [ '2.1.0' ],
16 silly audit   typescript: [ '5.9.3' ],
16 silly audit   'undici-types': [ '6.21.0' ],
16 silly audit   unified: [ '11.0.5' ],
16 silly audit   'unist-util-is': [ '6.0.1' ],
16 silly audit   'unist-util-position': [ '5.0.0' ],
16 silly audit   'unist-util-stringify-position': [ '4.0.0' ],
16 silly audit   'unist-util-visit': [ '5.0.0' ],
16 silly audit   'unist-util-visit-parents': [ '6.0.2' ],
16 silly audit   'use-sync-external-store': [ '1.6.0' ],
16 silly audit   'util-deprecate': [ '1.0.2' ],
16 silly audit   'utility-types': [ '3.11.0' ],
16 silly audit   vfile: [ '6.0.3' ],
16 silly audit   'vfile-message': [ '4.0.3' ],
16 silly audit   'w3c-xmlserializer': [ '5.0.0' ],
16 silly audit   'webgl-constants': [ '1.1.1' ],
16 silly audit   'webgl-sdf-generator': [ '1.1.1' ],
16 silly audit   'webidl-conversions': [ '7.0.0' ],
16 silly audit   'whatwg-encoding': [ '3.1.1' ],
16 silly audit   'whatwg-mimetype': [ '4.0.0' ],
16 silly audit   'whatwg-url': [ '14.2.0' ],
16 silly audit   which: [ '2.0.2' ],
16 silly audit   ws: [ '8.18.3' ],
16 silly audit   xml: [ '1.0.1' ],
16 silly audit   'xml-name-validator': [ '5.0.0' ],
16 silly audit   xmlchars: [ '2.2.0' ],
16 silly audit   zod: [ '3.25.76' ],
16 silly audit   zwitch: [ '2.0.4' ]
16 silly audit }
17 http fetch POST 200 https://registry.npmjs.org/-/npm/v1/security/advisories/bulk 1778ms
18 silly audit report {
18 silly audit report   nodemailer: [
18 silly audit report     {
18 silly audit report       id: 1109804,
18 silly audit report       url: 'https://github.com/advisories/GHSA-mm7p-fcc7-pg87',
18 silly audit report       title: 'Nodemailer: Email to an unintended domain can occur due to Interpretation Conflict',
18 silly audit report       severity: 'moderate',
18 silly audit report       vulnerable_versions: '<7.0.7',
18 silly audit report       cwe: [Array],
18 silly audit report       cvss: [Object]
18 silly audit report     }
18 silly audit report   ]
18 silly audit report }
19 silly packumentCache corgi:https://registry.npmjs.org/nodemailer cache-miss
20 http cache https://registry.npmjs.org/nodemailer 27ms (cache hit)
21 silly packumentCache corgi:https://registry.npmjs.org/nodemailer set size:301569 disposed:false
22 verbose cwd C:\Users\HP\Downloads\Akanni Hannah Ibukun
23 verbose os Windows_NT 10.0.22000
24 verbose node v24.11.0
25 verbose npm  v11.6.3
26 verbose exit 0
27 info ok
